Log file open, 07/10/21 12:20:47
LogWindows: Failed to load 'aqProf.dll' (GetLastError=126)
LogWindows: File 'aqProf.dll' does not exist
LogWindows: Failed to load 'VtuneApi.dll' (GetLastError=126)
LogWindows: File 'VtuneApi.dll' does not exist
LogWindows: Failed to load 'VtuneApi32e.dll' (GetLastError=126)
LogWindows: File 'VtuneApi32e.dll' does not exist
LogConsoleResponse: Display: Failed to find resolution value strings in scalability ini. Falling back to default.
LogInit: Display: Running engine for game: LevelBlueprint
LogPlatformFile: Not using cached read wrapper
LogTaskGraph: Started task graph with 5 named threads and 23 total threads with 3 sets of task threads.
LogStats: Stats thread started at 0.154048
LogD3D11RHI: Loaded GFSDK_Aftermath_Lib.x64.dll
LogICUInternationalization: ICU TimeZone Detection - Raw Offset: -5:00, Platform Override: ''
LogPluginManager: Mounting plugin Paper2D
LogPluginManager: Mounting plugin AISupport
LogPluginManager: Mounting plugin LightPropagationVolume
LogPluginManager: Mounting plugin ActorLayerUtilities
LogPluginManager: Mounting plugin AnimationSharing
LogPluginManager: Mounting plugin CLionSourceCodeAccess
LogPluginManager: Mounting plugin CodeLiteSourceCodeAccess
LogPluginManager: Mounting plugin GitSourceControl
LogPluginManager: Mounting plugin KDevelopSourceCodeAccess
LogPluginManager: Mounting plugin NullSourceCodeAccess
LogPluginManager: Mounting plugin PerforceSourceControl
LogPluginManager: Mounting plugin SubversionSourceControl
LogPluginManager: Mounting plugin UObjectPlugin
LogPluginManager: Mounting plugin VisualStudioCodeSourceCodeAccess
LogPluginManager: Mounting plugin VisualStudioSourceCodeAccess
LogPluginManager: Mounting plugin XCodeSourceCodeAccess
LogPluginManager: Mounting plugin AssetManagerEditor
LogPluginManager: Mounting plugin CryptoKeys
LogPluginManager: Mounting plugin CurveEditorTools
LogPluginManager: Mounting plugin DataValidation
LogPluginManager: Mounting plugin FacialAnimation
LogPluginManager: Mounting plugin GameplayTagsEditor
LogPluginManager: Mounting plugin MacGraphicsSwitching
LogPluginManager: Mounting plugin MaterialAnalyzer
LogPluginManager: Mounting plugin MobileLauncherProfileWizard
LogPluginManager: Mounting plugin PluginBrowser
LogPluginManager: Mounting plugin SpeedTreeImporter
LogPluginManager: Mounting plugin DatasmithContent
LogPluginManager: Mounting plugin VariantManagerContent
LogPluginManager: Mounting plugin AlembicImporter
LogPluginManager: Mounting plugin AutomationUtils
LogPluginManager: Mounting plugin BackChannel
LogPluginManager: Mounting plugin CharacterAI
LogPluginManager: Mounting plugin GeometryCache
LogPluginManager: Mounting plugin HTML5Networking
LogPluginManager: Mounting plugin PlatformCrypto
LogPluginManager: Mounting plugin ProxyLODPlugin
LogPluginManager: Mounting plugin SkeletalReduction
LogPluginManager: Mounting plugin MagicLeap
LogPluginManager: Mounting plugin MagicLeapMedia
LogPluginManager: Mounting plugin AndroidMedia
LogPluginManager: Mounting plugin AvfMedia
LogPluginManager: Mounting plugin ImgMedia
LogPluginManager: Mounting plugin MediaCompositing
LogPluginManager: Mounting plugin MediaPlayerEditor
LogPluginManager: Mounting plugin WebMMedia
LogPluginManager: Mounting plugin WmfMedia
LogPluginManager: Mounting plugin TcpMessaging
LogPluginManager: Mounting plugin UdpMessaging
LogPluginManager: Mounting plugin ActorSequence
LogPluginManager: Mounting plugin LevelSequenceEditor
LogPluginManager: Mounting plugin MatineeToLevelSequence
LogPluginManager: Mounting plugin NetcodeUnitTest
LogPluginManager: Mounting plugin NUTUnrealEngine4
LogPluginManager: Mounting plugin OnlineSubsystemGooglePlay
LogPluginManager: Mounting plugin OnlineSubsystemIOS
LogPluginManager: Mounting plugin OnlineSubsystem
LogPluginManager: Mounting plugin OnlineSubsystemNull
LogPluginManager: Mounting plugin OnlineSubsystemUtils
LogPluginManager: Mounting plugin LauncherChunkInstaller
LogPluginManager: Mounting plugin AndroidDeviceProfileSelector
LogPluginManager: Mounting plugin AndroidMoviePlayer
LogPluginManager: Mounting plugin AndroidPermission
LogPluginManager: Mounting plugin ApexDestruction
LogPluginManager: Mounting plugin AppleImageUtils
LogPluginManager: Mounting plugin AppleMoviePlayer
LogPluginManager: Mounting plugin ArchVisCharacter
LogPluginManager: Mounting plugin AudioCapture
LogPluginManager: Mounting plugin CableComponent
LogPluginManager: Mounting plugin CustomMeshComponent
LogPluginManager: Mounting plugin EditableMesh
LogPluginManager: Mounting plugin ExampleDeviceProfileSelector
LogPluginManager: Mounting plugin GoogleCloudMessaging
LogPluginManager: Mounting plugin IOSDeviceProfileSelector
LogPluginManager: Mounting plugin LinuxDeviceProfileSelector
LogPluginManager: Mounting plugin LocationServicesBPLibrary
LogPluginManager: Mounting plugin MobilePatchingUtils
LogPluginManager: Mounting plugin OculusVR
LogPluginManager: Mounting plugin PhysXVehicles
LogPluginManager: Mounting plugin ProceduralMeshComponent
LogPluginManager: Mounting plugin RuntimePhysXCooking
LogPluginManager: Mounting plugin SignificanceManager
LogPluginManager: Mounting plugin SteamVR
LogPluginManager: Mounting plugin WebMMoviePlayer
LogPluginManager: Mounting plugin WindowsMoviePlayer
LogPluginManager: Mounting plugin ScreenshotTools
LogInit: Using libcurl 7.55.1-DEV
LogInit:  - built for x86_64-pc-win32
LogInit:  - supports SSL with OpenSSL/1.1.1
LogInit:  - supports HTTP deflate (compression) using libz 1.2.8
LogInit:  - other features:
LogInit:      CURL_VERSION_SSL
LogInit:      CURL_VERSION_LIBZ
LogInit:      CURL_VERSION_IPV6
LogInit:      CURL_VERSION_ASYNCHDNS
LogInit:      CURL_VERSION_LARGEFILE
LogInit:      CURL_VERSION_IDN
LogInit:  CurlRequestOptions (configurable via config and command line):
LogInit:  - bVerifyPeer = true  - Libcurl will verify peer certificate
LogInit:  - bUseHttpProxy = false  - Libcurl will NOT use HTTP proxy
LogInit:  - bDontReuseConnections = false  - Libcurl will reuse connections
LogInit:  - MaxHostConnections = 16  - Libcurl will limit the number of connections to a host
LogInit:  - LocalHostAddr = Default
LogInit:  - BufferSize = 65536
LogOnline: OSS: Creating online subsystem instance for: NULL
LogInit: WinSock: version 1.1 (2.2), MaxSocks=32767, MaxUdp=65467
LogInit: Build: ++UE4+Release-4.23-CL-8386587
LogInit: Engine Version: 4.23.0-8386587+++UE4+Release-4.23
LogInit: Compatible Engine Version: 4.23.0-8386587+++UE4+Release-4.23
LogInit: Net CL: 8386587
LogInit: OS: Windows 10 (Release 2004) (), CPU: Intel(R) Core(TM) i7-4720HQ CPU @ 2.60GHz, GPU: Intel(R) HD Graphics 4600
LogInit: Compiled (64-bit): Aug 31 2019 02:04:44
LogInit: Compiled with Visual C++: 19.16.27030.01
LogInit: Build Configuration: Development
LogInit: Branch Name: ++UE4+Release-4.23
LogInit: Command Line: 
LogInit: Base Directory: C:/Program Files/Epic Games/UE_4.23/Engine/Binaries/Win64/
LogInit: Installed Engine Build: 1
LogDevObjectVersion: Number of dev versions registered: 23
LogDevObjectVersion:   Dev-Blueprints (B0D832E4-1F89-4F0D-ACCF-7EB736FD4AA2): 10
LogDevObjectVersion:   Dev-Build (E1C64328-A22C-4D53-A36C-8E866417BD8C): 0
LogDevObjectVersion:   Dev-Core (375EC13C-06E4-48FB-B500-84F0262A717E): 3
LogDevObjectVersion:   Dev-Editor (E4B068ED-F494-42E9-A231-DA0B2E46BB41): 34
LogDevObjectVersion:   Dev-Framework (CFFC743F-43B0-4480-9391-14DF171D2073): 35
LogDevObjectVersion:   Dev-Mobile (B02B49B5-BB20-44E9-A304-32B752E40360): 2
LogDevObjectVersion:   Dev-Networking (A4E4105C-59A1-49B5-A7C5-40C4547EDFEE): 0
LogDevObjectVersion:   Dev-Online (39C831C9-5AE6-47DC-9A44-9C173E1C8E7C): 0
LogDevObjectVersion:   Dev-Physics (78F01B33-EBEA-4F98-B9B4-84EACCB95AA2): 0
LogDevObjectVersion:   Dev-Platform (6631380F-2D4D-43E0-8009-CF276956A95A): 0
LogDevObjectVersion:   Dev-Rendering (12F88B9F-8875-4AFC-A67C-D90C383ABD29): 31
LogDevObjectVersion:   Dev-Sequencer (7B5AE74C-D270-4C10-A958-57980B212A5A): 11
LogDevObjectVersion:   Dev-VR (D7296918-1DD6-4BDD-9DE2-64A83CC13884): 2
LogDevObjectVersion:   Dev-LoadTimes (C2A15278-BFE7-4AFE-6C17-90FF531DF755): 1
LogDevObjectVersion:   Private-Geometry (6EACA3D4-40EC-4CC1-B786-8BED09428FC5): 3
LogDevObjectVersion:   Dev-AnimPhys (29E575DD-E0A3-4627-9D10-D276232CDCEA): 17
LogDevObjectVersion:   Dev-Anim (AF43A65D-7FD3-4947-9873-3E8ED9C1BB05): 2
LogDevObjectVersion:   Dev-ReflectionCapture (6B266CEC-1EC7-4B8F-A30B-E4D90942FC07): 1
LogDevObjectVersion:   Dev-Automation (0DF73D61-A23F-47EA-B727-89E90C41499A): 1
LogDevObjectVersion:   FortniteMain (601D1886-AC64-4F84-AA16-D3DE0DEAC7D6): 27
LogDevObjectVersion:   Dev-Enterprise (9DFFBCD6-494F-0158-E221-12823C92A888): 6
LogDevObjectVersion:   Dev-Niagara (F2AED0AC-9AFE-416F-8664-AA7FFA26D6FC): 1
LogDevObjectVersion:   Dev-Destruction (174F1F0B-B4C6-45A5-B13F-2EE8D0FB917D): 9
LogInit: Presizing for max 16777216 objects, including 0 objects not considered by GC, pre-allocating 0 bytes for permanent pool.
LogInit: Object subsystem initialized
LogConfig: Setting CVar [[con.DebugEarlyDefault:1]]
LogConfig: Setting CVar [[r.setres:1280x720]]
[2021.07.10-16.20.48:636][  0]LogConfig: Setting CVar [[r.VSync:0]]
[2021.07.10-16.20.48:636][  0]LogConfig: Setting CVar [[r.RHICmdBypass:0]]
[2021.07.10-16.20.48:636][  0]LogConfig: Applying CVar settings from Section [/Script/Engine.RendererSettings] File [C:/Users/Caleb/Documents/Unreal Projects/LevelBlueprint/Saved/Config/Windows/Engine.ini]
[2021.07.10-16.20.48:636][  0]LogConfig: Setting CVar [[r.GPUCrashDebugging:0]]
[2021.07.10-16.20.48:636][  0]LogConfig: Applying CVar settings from Section [/Script/Engine.RendererOverrideSettings] File [C:/Users/Caleb/Documents/Unreal Projects/LevelBlueprint/Saved/Config/Windows/Engine.ini]
[2021.07.10-16.20.48:636][  0]LogConfig: Applying CVar settings from Section [/Script/Engine.StreamingSettings] File [C:/Users/Caleb/Documents/Unreal Projects/LevelBlueprint/Saved/Config/Windows/Engine.ini]
[2021.07.10-16.20.48:636][  0]LogConfig: Setting CVar [[s.MinBulkDataSizeForAsyncLoading:131072]]
[2021.07.10-16.20.48:636][  0]LogConfig: Setting CVar [[s.AsyncLoadingThreadEnabled:0]]
[2021.07.10-16.20.48:636][  0]LogConfig: Setting CVar [[s.EventDrivenLoaderEnabled:1]]
[2021.07.10-16.20.48:636][  0]LogConfig: Setting CVar [[s.WarnIfTimeLimitExceeded:0]]
[2021.07.10-16.20.48:636][  0]LogConfig: Setting CVar [[s.TimeLimitExceededMultiplier:1.5]]
[2021.07.10-16.20.48:636][  0]LogConfig: Setting CVar [[s.TimeLimitExceededMinTime:0.005]]
[2021.07.10-16.20.48:636][  0]LogConfig: Setting CVar [[s.UseBackgroundLevelStreaming:1]]
[2021.07.10-16.20.48:636][  0]LogConfig: Setting CVar [[s.PriorityAsyncLoadingExtraTime:15.0]]
[2021.07.10-16.20.48:636][  0]LogConfig: Setting CVar [[s.LevelStreamingActorsUpdateTimeLimit:5.0]]
[2021.07.10-16.20.48:636][  0]LogConfig: Setting CVar [[s.PriorityLevelStreamingActorsUpdateExtraTime:5.0]]
[2021.07.10-16.20.48:636][  0]LogConfig: Setting CVar [[s.LevelStreamingComponentsRegistrationGranularity:10]]
[2021.07.10-16.20.48:636][  0]LogConfig: Setting CVar [[s.UnregisterComponentsTimeLimit:1.0]]
[2021.07.10-16.20.48:636][  0]LogConfig: Setting CVar [[s.LevelStreamingComponentsUnregistrationGranularity:5]]
[2021.07.10-16.20.48:636][  0]LogConfig: Applying CVar settings from Section [/Script/Engine.GarbageCollectionSettings] File [C:/Users/Caleb/Documents/Unreal Projects/LevelBlueprint/Saved/Config/Windows/Engine.ini]
[2021.07.10-16.20.48:636][  0]LogConfig: Setting CVar [[gc.MaxObjectsNotConsideredByGC:1]]
[2021.07.10-16.20.48:636][  0]LogConfig: Setting CVar [[gc.SizeOfPermanentObjectPool:0]]
[2021.07.10-16.20.48:636][  0]LogConfig: Setting CVar [[gc.FlushStreamingOnGC:0]]
[2021.07.10-16.20.48:636][  0]LogConfig: Setting CVar [[gc.NumRetriesBeforeForcingGC:10]]
[2021.07.10-16.20.48:636][  0]LogConfig: Setting CVar [[gc.AllowParallelGC:1]]
[2021.07.10-16.20.48:636][  0]LogConfig: Setting CVar [[gc.TimeBetweenPurgingPendingKillObjects:61.1]]
[2021.07.10-16.20.48:636][  0]LogConfig: Setting CVar [[gc.MaxObjectsInEditor:16777216]]
[2021.07.10-16.20.48:636][  0]LogConfig: Setting CVar [[gc.IncrementalBeginDestroyEnabled:1]]
[2021.07.10-16.20.48:636][  0]LogConfig: Setting CVar [[gc.CreateGCClusters:1]]
[2021.07.10-16.20.48:636][  0]LogConfig: Setting CVar [[gc.MinGCClusterSize:5]]
[2021.07.10-16.20.48:636][  0]LogConfig: Setting CVar [[gc.ActorClusteringEnabled:0]]
[2021.07.10-16.20.48:636][  0]LogConfig: Setting CVar [[gc.BlueprintClusteringEnabled:0]]
[2021.07.10-16.20.48:636][  0]LogConfig: Setting CVar [[gc.UseDisregardForGCOnDedicatedServers:0]]
[2021.07.10-16.20.48:636][  0]LogConfig: Applying CVar settings from Section [/Script/Engine.NetworkSettings] File [C:/Users/Caleb/Documents/Unreal Projects/LevelBlueprint/Saved/Config/Windows/Engine.ini]
[2021.07.10-16.20.48:636][  0]LogConfig: Applying CVar settings from Section [/Script/UnrealEd.CookerSettings] File [C:/Users/Caleb/Documents/Unreal Projects/LevelBlueprint/Saved/Config/Windows/Engine.ini]
[2021.07.10-16.20.48:645][  0]LogConfig: Applying CVar settings from Section [ViewDistanceQuality@3] File [C:/Users/Caleb/Documents/Unreal Projects/LevelBlueprint/Saved/Config/Windows/Scalability.ini]
[2021.07.10-16.20.48:645][  0]LogConfig: Setting CVar [[r.SkeletalMeshLODBias:0]]
[2021.07.10-16.20.48:645][  0]LogConfig: Setting CVar [[r.ViewDistanceScale:1.0]]
[2021.07.10-16.20.48:645][  0]LogConfig: Applying CVar settings from Section [AntiAliasingQuality@3] File [C:/Users/Caleb/Documents/Unreal Projects/LevelBlueprint/Saved/Config/Windows/Scalability.ini]
[2021.07.10-16.20.48:645][  0]LogConfig: Setting CVar [[r.PostProcessAAQuality:4]]
[2021.07.10-16.20.48:645][  0]LogConfig: Applying CVar settings from Section [ShadowQuality@3] File [C:/Users/Caleb/Documents/Unreal Projects/LevelBlueprint/Saved/Config/Windows/Scalability.ini]
[2021.07.10-16.20.48:645][  0]LogConfig: Setting CVar [[r.LightFunctionQuality:1]]
[2021.07.10-16.20.48:645][  0]LogConfig: Setting CVar [[r.ShadowQuality:5]]
[2021.07.10-16.20.48:645][  0]LogConfig: Setting CVar [[r.Shadow.CSM.MaxCascades:10]]
[2021.07.10-16.20.48:645][  0]LogConfig: Setting CVar [[r.Shadow.MaxResolution:2048]]
[2021.07.10-16.20.48:645][  0]LogConfig: Setting CVar [[r.Shadow.MaxCSMResolution:2048]]
[2021.07.10-16.20.48:645][  0]LogConfig: Setting CVar [[r.Shadow.RadiusThreshold:0.01]]
[2021.07.10-16.20.48:645][  0]LogConfig: Setting CVar [[r.Shadow.DistanceScale:1.0]]
[2021.07.10-16.20.48:645][  0]LogConfig: Setting CVar [[r.Shadow.CSM.TransitionScale:1.0]]
[2021.07.10-16.20.48:645][  0]LogConfig: Setting CVar [[r.Shadow.PreShadowResolutionFactor:1.0]]
[2021.07.10-16.20.48:646][  0]LogConfig: Setting CVar [[r.DistanceFieldShadowing:1]]
[2021.07.10-16.20.48:646][  0]LogConfig: Setting CVar [[r.DistanceFieldAO:1]]
[2021.07.10-16.20.48:646][  0]LogConfig: Setting CVar [[r.AOQuality:2]]
[2021.07.10-16.20.48:646][  0]LogConfig: Setting CVar [[r.VolumetricFog:1]]
[2021.07.10-16.20.48:646][  0]LogConfig: Setting CVar [[r.VolumetricFog.GridPixelSize:8]]
[2021.07.10-16.20.48:646][  0]LogConfig: Setting CVar [[r.VolumetricFog.GridSizeZ:128]]
[2021.07.10-16.20.48:646][  0]LogConfig: Setting CVar [[r.VolumetricFog.HistoryMissSupersampleCount:4]]
[2021.07.10-16.20.48:646][  0]LogConfig: Setting CVar [[r.LightMaxDrawDistanceScale:1]]
[2021.07.10-16.20.48:646][  0]LogConfig: Setting CVar [[r.CapsuleShadows:1]]
[2021.07.10-16.20.48:646][  0]LogConfig: Applying CVar settings from Section [PostProcessQuality@3] File [C:/Users/Caleb/Documents/Unreal Projects/LevelBlueprint/Saved/Config/Windows/Scalability.ini]
[2021.07.10-16.20.48:646][  0]LogConfig: Setting CVar [[r.MotionBlurQuality:4]]
[2021.07.10-16.20.48:646][  0]LogConfig: Setting CVar [[r.AmbientOcclusionMipLevelFactor:0.4]]
[2021.07.10-16.20.48:646][  0]LogConfig: Setting CVar [[r.AmbientOcclusionMaxQuality:100]]
[2021.07.10-16.20.48:646][  0]LogConfig: Setting CVar [[r.AmbientOcclusionLevels:-1]]
[2021.07.10-16.20.48:646][  0]LogConfig: Setting CVar [[r.AmbientOcclusionRadiusScale:1.0]]
[2021.07.10-16.20.48:646][  0]LogConfig: Setting CVar [[r.DepthOfFieldQuality:2]]
[2021.07.10-16.20.48:646][  0]LogConfig: Setting CVar [[r.RenderTargetPoolMin:400]]
[2021.07.10-16.20.48:646][  0]LogConfig: Setting CVar [[r.LensFlareQuality:2]]
[2021.07.10-16.20.48:646][  0]LogConfig: Setting CVar [[r.SceneColorFringeQuality:1]]
[2021.07.10-16.20.48:646][  0]LogConfig: Setting CVar [[r.EyeAdaptationQuality:2]]
[2021.07.10-16.20.48:646][  0]LogConfig: Setting CVar [[r.BloomQuality:5]]
[2021.07.10-16.20.48:646][  0]LogConfig: Setting CVar [[r.FastBlurThreshold:100]]
[2021.07.10-16.20.48:646][  0]LogConfig: Setting CVar [[r.Upscale.Quality:3]]
[2021.07.10-16.20.48:646][  0]LogConfig: Setting CVar [[r.Tonemapper.GrainQuantization:1]]
[2021.07.10-16.20.48:646][  0]LogConfig: Setting CVar [[r.LightShaftQuality:1]]
[2021.07.10-16.20.48:646][  0]LogConfig: Setting CVar [[r.Filter.SizeScale:1]]
[2021.07.10-16.20.48:646][  0]LogConfig: Setting CVar [[r.Tonemapper.Quality:5]]
[2021.07.10-16.20.48:646][  0]LogConfig: Setting CVar [[r.DOF.Gather.AccumulatorQuality:1        ; higher gathering accumulator quality]]
[2021.07.10-16.20.48:646][  0]LogConfig: Setting CVar [[r.DOF.Gather.PostfilterMethod:1          ; Median3x3 postfilering method]]
[2021.07.10-16.20.48:646][  0]LogConfig: Setting CVar [[r.DOF.Gather.EnableBokehSettings:0       ; no bokeh simulation when gathering]]
[2021.07.10-16.20.48:646][  0]LogConfig: Setting CVar [[r.DOF.Gather.RingCount:4                 ; medium number of samples when gathering]]
[2021.07.10-16.20.48:646][  0]LogConfig: Setting CVar [[r.DOF.Scatter.ForegroundCompositing:1    ; additive foreground scattering]]
[2021.07.10-16.20.48:646][  0]LogConfig: Setting CVar [[r.DOF.Scatter.BackgroundCompositing:2    ; additive background scattering]]
[2021.07.10-16.20.48:646][  0]LogConfig: Setting CVar [[r.DOF.Scatter.EnableBokehSettings:1      ; bokeh simulation when scattering]]
[2021.07.10-16.20.48:646][  0]LogConfig: Setting CVar [[r.DOF.Scatter.MaxSpriteRatio:0.1         ; only a maximum of 10% of scattered bokeh]]
[2021.07.10-16.20.48:646][  0]LogConfig: Setting CVar [[r.DOF.Recombine.Quality:1                ; cheap slight out of focus]]
[2021.07.10-16.20.48:646][  0]LogConfig: Setting CVar [[r.DOF.Recombine.EnableBokehSettings:0    ; no bokeh simulation on slight out of focus]]
[2021.07.10-16.20.48:646][  0]LogConfig: Setting CVar [[r.DOF.TemporalAAQuality:1                ; more stable temporal accumulation]]
[2021.07.10-16.20.48:646][  0]LogConfig: Setting CVar [[r.DOF.Kernel.MaxForegroundRadius:0.025]]
[2021.07.10-16.20.48:646][  0]LogConfig: Setting CVar [[r.DOF.Kernel.MaxBackgroundRadius:0.025]]
[2021.07.10-16.20.48:646][  0]LogConfig: Applying CVar settings from Section [TextureQuality@3] File [C:/Users/Caleb/Documents/Unreal Projects/LevelBlueprint/Saved/Config/Windows/Scalability.ini]
[2021.07.10-16.20.48:646][  0]LogConfig: Setting CVar [[r.Streaming.MipBias:0]]
[2021.07.10-16.20.48:647][  0]LogConfig: Setting CVar [[r.Streaming.AmortizeCPUToGPUCopy:0]]
[2021.07.10-16.20.48:647][  0]LogConfig: Setting CVar [[r.Streaming.MaxNumTexturesToStreamPerFrame:0]]
[2021.07.10-16.20.48:647][  0]LogConfig: Setting CVar [[r.Streaming.Boost:1]]
[2021.07.10-16.20.48:647][  0]LogConfig: Setting CVar [[r.MaxAnisotropy:8]]
[2021.07.10-16.20.48:647][  0]LogConfig: Setting CVar [[r.Streaming.LimitPoolSizeToVRAM:0]]
[2021.07.10-16.20.48:647][  0]LogConfig: Setting CVar [[r.Streaming.PoolSize:1000]]
[2021.07.10-16.20.48:647][  0]LogConfig: Setting CVar [[r.Streaming.MaxEffectiveScreenSize:0]]
[2021.07.10-16.20.48:647][  0]LogConfig: Applying CVar settings from Section [EffectsQuality@3] File [C:/Users/Caleb/Documents/Unreal Projects/LevelBlueprint/Saved/Config/Windows/Scalability.ini]
[2021.07.10-16.20.48:647][  0]LogConfig: Setting CVar [[r.TranslucencyLightingVolumeDim:64]]
[2021.07.10-16.20.48:647][  0]LogConfig: Setting CVar [[r.RefractionQuality:2]]
[2021.07.10-16.20.48:647][  0]LogConfig: Setting CVar [[r.SSR.Quality:3]]
[2021.07.10-16.20.48:647][  0]LogConfig: Setting CVar [[r.SceneColorFormat:4]]
[2021.07.10-16.20.48:647][  0]LogConfig: Setting CVar [[r.DetailMode:2]]
[2021.07.10-16.20.48:647][  0]LogConfig: Setting CVar [[r.TranslucencyVolumeBlur:1]]
[2021.07.10-16.20.48:647][  0]LogConfig: Setting CVar [[r.MaterialQualityLevel:1 ; High quality]]
[2021.07.10-16.20.48:647][  0]LogConfig: Setting CVar [[r.SSS.Scale:1]]
[2021.07.10-16.20.48:647][  0]LogConfig: Setting CVar [[r.SSS.SampleSet:2]]
[2021.07.10-16.20.48:647][  0]LogConfig: Setting CVar [[r.SSS.Quality:1]]
[2021.07.10-16.20.48:647][  0]LogConfig: Setting CVar [[r.SSS.HalfRes:1]]
[2021.07.10-16.20.48:647][  0]LogConfig: Setting CVar [[r.EmitterSpawnRateScale:1.0]]
[2021.07.10-16.20.48:647][  0]LogConfig: Setting CVar [[r.ParticleLightQuality:2]]
[2021.07.10-16.20.48:647][  0]LogConfig: Applying CVar settings from Section [FoliageQuality@3] File [C:/Users/Caleb/Documents/Unreal Projects/LevelBlueprint/Saved/Config/Windows/Scalability.ini]
[2021.07.10-16.20.48:647][  0]LogConfig: Setting CVar [[foliage.DensityScale:1.0]]
[2021.07.10-16.20.48:647][  0]LogConfig: Setting CVar [[grass.DensityScale:1.0]]
[2021.07.10-16.20.48:647][  0]LogInit: Selected Device Profile: [Windows]
[2021.07.10-16.20.48:647][  0]LogInit: Applying CVar settings loaded from the selected device profile: [Windows]
[2021.07.10-16.20.48:663][  0]LogHAL: Display: Platform has ~ 32 GB [34238263296 / 34359738368 / 32], which maps to Largest [LargestMinGB=32, LargerMinGB=12, DefaultMinGB=8, SmallerMinGB=6, SmallestMinGB=0)
[2021.07.10-16.20.48:663][  0]LogInit: Going up to parent DeviceProfile []
[2021.07.10-16.20.48:663][  0]LogConfig: Applying CVar settings from Section [ViewDistanceQuality@3] File [C:/Users/Caleb/Documents/Unreal Projects/LevelBlueprint/Saved/Config/Windows/Scalability.ini]
[2021.07.10-16.20.48:663][  0]LogConfig: Setting CVar [[r.SkeletalMeshLODBias:0]]
[2021.07.10-16.20.48:663][  0]LogConfig: Setting CVar [[r.ViewDistanceScale:1.0]]
[2021.07.10-16.20.48:663][  0]LogConfig: Applying CVar settings from Section [AntiAliasingQuality@3] File [C:/Users/Caleb/Documents/Unreal Projects/LevelBlueprint/Saved/Config/Windows/Scalability.ini]
[2021.07.10-16.20.48:663][  0]LogConfig: Setting CVar [[r.PostProcessAAQuality:4]]
[2021.07.10-16.20.48:663][  0]LogConfig: Applying CVar settings from Section [ShadowQuality@3] File [C:/Users/Caleb/Documents/Unreal Projects/LevelBlueprint/Saved/Config/Windows/Scalability.ini]
[2021.07.10-16.20.48:663][  0]LogConfig: Setting CVar [[r.LightFunctionQuality:1]]
[2021.07.10-16.20.48:663][  0]LogConfig: Setting CVar [[r.ShadowQuality:5]]
[2021.07.10-16.20.48:663][  0]LogConfig: Setting CVar [[r.Shadow.CSM.MaxCascades:10]]
[2021.07.10-16.20.48:663][  0]LogConfig: Setting CVar [[r.Shadow.MaxResolution:2048]]
[2021.07.10-16.20.48:664][  0]LogConfig: Setting CVar [[r.Shadow.MaxCSMResolution:2048]]
[2021.07.10-16.20.48:664][  0]LogConfig: Setting CVar [[r.Shadow.RadiusThreshold:0.01]]
[2021.07.10-16.20.48:664][  0]LogConfig: Setting CVar [[r.Shadow.DistanceScale:1.0]]
[2021.07.10-16.20.48:664][  0]LogConfig: Setting CVar [[r.Shadow.CSM.TransitionScale:1.0]]
[2021.07.10-16.20.48:664][  0]LogConfig: Setting CVar [[r.Shadow.PreShadowResolutionFactor:1.0]]
[2021.07.10-16.20.48:664][  0]LogConfig: Setting CVar [[r.DistanceFieldShadowing:1]]
[2021.07.10-16.20.48:664][  0]LogConfig: Setting CVar [[r.DistanceFieldAO:1]]
[2021.07.10-16.20.48:664][  0]LogConfig: Setting CVar [[r.AOQuality:2]]
[2021.07.10-16.20.48:664][  0]LogConfig: Setting CVar [[r.VolumetricFog:1]]
[2021.07.10-16.20.48:664][  0]LogConfig: Setting CVar [[r.VolumetricFog.GridPixelSize:8]]
[2021.07.10-16.20.48:664][  0]LogConfig: Setting CVar [[r.VolumetricFog.GridSizeZ:128]]
[2021.07.10-16.20.48:664][  0]LogConfig: Setting CVar [[r.VolumetricFog.HistoryMissSupersampleCount:4]]
[2021.07.10-16.20.48:664][  0]LogConfig: Setting CVar [[r.LightMaxDrawDistanceScale:1]]
[2021.07.10-16.20.48:664][  0]LogConfig: Setting CVar [[r.CapsuleShadows:1]]
[2021.07.10-16.20.48:664][  0]LogConfig: Applying CVar settings from Section [PostProcessQuality@3] File [C:/Users/Caleb/Documents/Unreal Projects/LevelBlueprint/Saved/Config/Windows/Scalability.ini]
[2021.07.10-16.20.48:664][  0]LogConfig: Setting CVar [[r.MotionBlurQuality:4]]
[2021.07.10-16.20.48:664][  0]LogConfig: Setting CVar [[r.AmbientOcclusionMipLevelFactor:0.4]]
[2021.07.10-16.20.48:664][  0]LogConfig: Setting CVar [[r.AmbientOcclusionMaxQuality:100]]
[2021.07.10-16.20.48:664][  0]LogConfig: Setting CVar [[r.AmbientOcclusionLevels:-1]]
[2021.07.10-16.20.48:664][  0]LogConfig: Setting CVar [[r.AmbientOcclusionRadiusScale:1.0]]
[2021.07.10-16.20.48:664][  0]LogConfig: Setting CVar [[r.DepthOfFieldQuality:2]]
[2021.07.10-16.20.48:664][  0]LogConfig: Setting CVar [[r.RenderTargetPoolMin:400]]
[2021.07.10-16.20.48:664][  0]LogConfig: Setting CVar [[r.LensFlareQuality:2]]
[2021.07.10-16.20.48:664][  0]LogConfig: Setting CVar [[r.SceneColorFringeQuality:1]]
[2021.07.10-16.20.48:664][  0]LogConfig: Setting CVar [[r.EyeAdaptationQuality:2]]
[2021.07.10-16.20.48:664][  0]LogConfig: Setting CVar [[r.BloomQuality:5]]
[2021.07.10-16.20.48:664][  0]LogConfig: Setting CVar [[r.FastBlurThreshold:100]]
[2021.07.10-16.20.48:664][  0]LogConfig: Setting CVar [[r.Upscale.Quality:3]]
[2021.07.10-16.20.48:664][  0]LogConfig: Setting CVar [[r.Tonemapper.GrainQuantization:1]]
[2021.07.10-16.20.48:664][  0]LogConfig: Setting CVar [[r.LightShaftQuality:1]]
[2021.07.10-16.20.48:664][  0]LogConfig: Setting CVar [[r.Filter.SizeScale:1]]
[2021.07.10-16.20.48:664][  0]LogConfig: Setting CVar [[r.Tonemapper.Quality:5]]
[2021.07.10-16.20.48:664][  0]LogConfig: Setting CVar [[r.DOF.Gather.AccumulatorQuality:1        ; higher gathering accumulator quality]]
[2021.07.10-16.20.48:664][  0]LogConfig: Setting CVar [[r.DOF.Gather.PostfilterMethod:1          ; Median3x3 postfilering method]]
[2021.07.10-16.20.48:664][  0]LogConfig: Setting CVar [[r.DOF.Gather.EnableBokehSettings:0       ; no bokeh simulation when gathering]]
[2021.07.10-16.20.48:664][  0]LogConfig: Setting CVar [[r.DOF.Gather.RingCount:4                 ; medium number of samples when gathering]]
[2021.07.10-16.20.48:664][  0]LogConfig: Setting CVar [[r.DOF.Scatter.ForegroundCompositing:1    ; additive foreground scattering]]
[2021.07.10-16.20.48:664][  0]LogConfig: Setting CVar [[r.DOF.Scatter.BackgroundCompositing:2    ; additive background scattering]]
[2021.07.10-16.20.48:664][  0]LogConfig: Setting CVar [[r.DOF.Scatter.EnableBokehSettings:1      ; bokeh simulation when scattering]]
[2021.07.10-16.20.48:664][  0]LogConfig: Setting CVar [[r.DOF.Scatter.MaxSpriteRatio:0.1         ; only a maximum of 10% of scattered bokeh]]
[2021.07.10-16.20.48:664][  0]LogConfig: Setting CVar [[r.DOF.Recombine.Quality:1                ; cheap slight out of focus]]
[2021.07.10-16.20.48:664][  0]LogConfig: Setting CVar [[r.DOF.Recombine.EnableBokehSettings:0    ; no bokeh simulation on slight out of focus]]
[2021.07.10-16.20.48:664][  0]LogConfig: Setting CVar [[r.DOF.TemporalAAQuality:1                ; more stable temporal accumulation]]
[2021.07.10-16.20.48:664][  0]LogConfig: Setting CVar [[r.DOF.Kernel.MaxForegroundRadius:0.025]]
[2021.07.10-16.20.48:664][  0]LogConfig: Setting CVar [[r.DOF.Kernel.MaxBackgroundRadius:0.025]]
[2021.07.10-16.20.48:664][  0]LogConfig: Applying CVar settings from Section [TextureQuality@3] File [C:/Users/Caleb/Documents/Unreal Projects/LevelBlueprint/Saved/Config/Windows/Scalability.ini]
[2021.07.10-16.20.48:664][  0]LogConfig: Setting CVar [[r.Streaming.MipBias:0]]
[2021.07.10-16.20.48:664][  0]LogConfig: Setting CVar [[r.Streaming.AmortizeCPUToGPUCopy:0]]
[2021.07.10-16.20.48:664][  0]LogConfig: Setting CVar [[r.Streaming.MaxNumTexturesToStreamPerFrame:0]]
[2021.07.10-16.20.48:664][  0]LogConfig: Setting CVar [[r.Streaming.Boost:1]]
[2021.07.10-16.20.48:664][  0]LogConfig: Setting CVar [[r.MaxAnisotropy:8]]
[2021.07.10-16.20.48:664][  0]LogConfig: Setting CVar [[r.Streaming.LimitPoolSizeToVRAM:0]]
[2021.07.10-16.20.48:664][  0]LogConfig: Setting CVar [[r.Streaming.PoolSize:1000]]
[2021.07.10-16.20.48:664][  0]LogConfig: Setting CVar [[r.Streaming.MaxEffectiveScreenSize:0]]
[2021.07.10-16.20.48:664][  0]LogConfig: Applying CVar settings from Section [EffectsQuality@3] File [C:/Users/Caleb/Documents/Unreal Projects/LevelBlueprint/Saved/Config/Windows/Scalability.ini]
[2021.07.10-16.20.48:664][  0]LogConfig: Setting CVar [[r.TranslucencyLightingVolumeDim:64]]
[2021.07.10-16.20.48:664][  0]LogConfig: Setting CVar [[r.RefractionQuality:2]]
[2021.07.10-16.20.48:664][  0]LogConfig: Setting CVar [[r.SSR.Quality:3]]
[2021.07.10-16.20.48:664][  0]LogConfig: Setting CVar [[r.SceneColorFormat:4]]
[2021.07.10-16.20.48:664][  0]LogConfig: Setting CVar [[r.DetailMode:2]]
[2021.07.10-16.20.48:664][  0]LogConfig: Setting CVar [[r.TranslucencyVolumeBlur:1]]
[2021.07.10-16.20.48:664][  0]LogConfig: Setting CVar [[r.MaterialQualityLevel:1 ; High quality]]
[2021.07.10-16.20.48:664][  0]LogConfig: Setting CVar [[r.SSS.Scale:1]]
[2021.07.10-16.20.48:664][  0]LogConfig: Setting CVar [[r.SSS.SampleSet:2]]
[2021.07.10-16.20.48:664][  0]LogConfig: Setting CVar [[r.SSS.Quality:1]]
[2021.07.10-16.20.48:664][  0]LogConfig: Setting CVar [[r.SSS.HalfRes:1]]
[2021.07.10-16.20.48:664][  0]LogConfig: Setting CVar [[r.EmitterSpawnRateScale:1.0]]
[2021.07.10-16.20.48:664][  0]LogConfig: Setting CVar [[r.ParticleLightQuality:2]]
[2021.07.10-16.20.48:664][  0]LogConfig: Applying CVar settings from Section [FoliageQuality@3] File [C:/Users/Caleb/Documents/Unreal Projects/LevelBlueprint/Saved/Config/Windows/Scalability.ini]
[2021.07.10-16.20.48:664][  0]LogConfig: Setting CVar [[foliage.DensityScale:1.0]]
[2021.07.10-16.20.48:664][  0]LogConfig: Setting CVar [[grass.DensityScale:1.0]]
[2021.07.10-16.20.48:664][  0]LogConfig: Applying CVar settings from Section [Startup] File [../../../Engine/Config/ConsoleVariables.ini]
[2021.07.10-16.20.48:665][  0]LogConfig: Setting CVar [[net.UseAdaptiveNetUpdateFrequency:0]]
[2021.07.10-16.20.48:665][  0]LogConfig: Setting CVar [[p.chaos.AllowCreatePhysxBodies:1]]
[2021.07.10-16.20.48:665][  0]LogConfig: Applying CVar settings from Section [ConsoleVariables] File [C:/Users/Caleb/Documents/Unreal Projects/LevelBlueprint/Saved/Config/Windows/Engine.ini]
[2021.07.10-16.20.48:665][  0]LogInit: Computer: CALEBS_LAPTOP
[2021.07.10-16.20.48:665][  0]LogInit: User: Caleb
[2021.07.10-16.20.48:665][  0]LogInit: CPU Page size=4096, Cores=4
[2021.07.10-16.20.48:665][  0]LogInit: High frequency timer resolution =10.000000 MHz
[2021.07.10-16.20.48:665][  0]LogMemory: Memory total: Physical=31.9GB (32GB approx)
[2021.07.10-16.20.48:665][  0]LogMemory: Platform Memory Stats for Windows
[2021.07.10-16.20.48:665][  0]LogMemory: Process Physical Memory: 105.58 MB used, 105.59 MB peak
[2021.07.10-16.20.48:665][  0]LogMemory: Process Virtual Memory: 100.70 MB used, 100.70 MB peak
[2021.07.10-16.20.48:665][  0]LogMemory: Physical Memory: 8917.26 MB used,  23734.89 MB free, 32652.15 MB total
[2021.07.10-16.20.48:665][  0]LogMemory: Virtual Memory: 4670.71 MB used,  134213056.00 MB free, 134217728.00 MB total
[2021.07.10-16.20.48:672][  0]LogWindows: WindowsPlatformFeatures enabled
[2021.07.10-16.20.48:823][  0]LogInit: Using OS detected language (en-US).
[2021.07.10-16.20.48:824][  0]LogInit: Using OS detected locale (en-US).
[2021.07.10-16.20.48:825][  0]LogTextLocalizationManager: No specific localization for 'en-US' exists, so the 'en' localization will be used.
[2021.07.10-16.20.49:139][  0]LogSlate: New Slate User Created.  User Index 0, Is Virtual User: 0
[2021.07.10-16.20.49:139][  0]LogSlate: Slate User Registered.  User Index 0, Is Virtual User: 0
[2021.07.10-16.20.49:451][  0]LogHMD: Failed to initialize OpenVR with code 110
[2021.07.10-16.20.49:451][  0]LogD3D11RHI: D3D11 adapters:
[2021.07.10-16.20.49:635][  0]LogD3D11RHI:    0. 'NVIDIA GeForce GTX 970M' (Feature Level 11_0)
[2021.07.10-16.20.49:635][  0]LogD3D11RHI:       3032/0/16326 MB DedicatedVideo/DedicatedSystem/SharedSystem, Outputs:2, VendorId:0x10de
[2021.07.10-16.20.49:644][  0]LogD3D11RHI:    1. 'Intel(R) HD Graphics 4600' (Feature Level 11_0)
[2021.07.10-16.20.49:644][  0]LogD3D11RHI:       112/0/2048 MB DedicatedVideo/DedicatedSystem/SharedSystem, Outputs:0, VendorId:0x8086
[2021.07.10-16.20.49:655][  0]LogD3D11RHI:    2. 'Intel(R) HD Graphics 4600' (Feature Level 11_0)
[2021.07.10-16.20.49:655][  0]LogD3D11RHI:       112/0/2048 MB DedicatedVideo/DedicatedSystem/SharedSystem, Outputs:0, VendorId:0x8086
[2021.07.10-16.20.49:661][  0]LogD3D11RHI:    3. 'Microsoft Basic Render Driver' (Feature Level 11_0)
[2021.07.10-16.20.49:661][  0]LogD3D11RHI:       0/0/16326 MB DedicatedVideo/DedicatedSystem/SharedSystem, Outputs:0, VendorId:0x1414
[2021.07.10-16.20.49:661][  0]LogD3D11RHI: Chosen D3D11 Adapter: 0
[2021.07.10-16.20.49:670][  0]LogD3D11RHI: Creating new Direct3DDevice
[2021.07.10-16.20.49:671][  0]LogD3D11RHI:     GPU DeviceId: 0x13d8 (for the marketing name, search the web for "GPU Device Id")
[2021.07.10-16.20.49:671][  0]LogWindows: EnumDisplayDevices:
[2021.07.10-16.20.49:671][  0]LogWindows:    0. 'Intel(R) HD Graphics 4600' (P:1 D:1)
[2021.07.10-16.20.49:671][  0]LogWindows:    1. 'Intel(R) HD Graphics 4600' (P:0 D:0)
[2021.07.10-16.20.49:672][  0]LogWindows:    2. 'Intel(R) HD Graphics 4600' (P:0 D:0)
[2021.07.10-16.20.49:672][  0]LogWindows:    3. 'DisplayLink USB Device' (P:0 D:1)
[2021.07.10-16.20.49:672][  0]LogWindows: DebugString: PrimaryIsNotTheChoosenAdapter PrimaryIsNotTheChoosenAdapter PrimaryIsNotTheChoosenAdapter GetVideoDriverDetailsInvalid PrimaryIsNotTheChoosenAdapter FoundDriverCount:0 
[2021.07.10-16.20.49:672][  0]LogD3D11RHI:     Adapter Name: NVIDIA GeForce GTX 970M
[2021.07.10-16.20.49:672][  0]LogD3D11RHI:   Driver Version: Unknown (internal:Unknown, unified:Unknown)
[2021.07.10-16.20.49:672][  0]LogD3D11RHI:      Driver Date: Unknown
[2021.07.10-16.20.49:673][  0]LogRHI: Texture pool is 2122 MB (70% of 3032 MB)
[2021.07.10-16.20.49:781][  0]LogD3D11RHI: Async texture creation enabled
[2021.07.10-16.20.49:807][  0]LogD3D11RHI: GPU Timing Frequency: 1000.000000 (Debug: 2 1)
[2021.07.10-16.20.50:366][  0]LogTemp: Display: Module 'AllDesktopTargetPlatform' loaded TargetPlatform 'AllDesktop'
[2021.07.10-16.20.50:385][  0]LogTemp: Display: Module 'MacClientTargetPlatform' loaded TargetPlatform 'MacClient'
[2021.07.10-16.20.50:398][  0]LogTemp: Display: Module 'MacNoEditorTargetPlatform' loaded TargetPlatform 'MacNoEditor'
[2021.07.10-16.20.50:413][  0]LogTemp: Display: Module 'MacServerTargetPlatform' loaded TargetPlatform 'MacServer'
[2021.07.10-16.20.50:428][  0]LogTemp: Display: Module 'MacTargetPlatform' loaded TargetPlatform 'Mac'
[2021.07.10-16.20.50:445][  0]LogTemp: Display: Module 'WindowsClientTargetPlatform' loaded TargetPlatform 'WindowsClient'
[2021.07.10-16.20.50:458][  0]LogTemp: Display: Module 'WindowsNoEditorTargetPlatform' loaded TargetPlatform 'WindowsNoEditor'
[2021.07.10-16.20.50:475][  0]LogTemp: Display: Module 'WindowsServerTargetPlatform' loaded TargetPlatform 'WindowsServer'
[2021.07.10-16.20.50:483][  0]LogTemp: Display: Module 'WindowsTargetPlatform' loaded TargetPlatform 'Windows'
[2021.07.10-16.20.50:535][  0]LogTemp: Display: Module 'AndroidTargetPlatform' loaded TargetPlatform 'Android'
[2021.07.10-16.20.50:535][  0]LogTemp: Display: Module 'AndroidTargetPlatform' loaded TargetPlatform 'Android_ASTC'
[2021.07.10-16.20.50:535][  0]LogTemp: Display: Module 'AndroidTargetPlatform' loaded TargetPlatform 'Android_ATC'
[2021.07.10-16.20.50:535][  0]LogTemp: Display: Module 'AndroidTargetPlatform' loaded TargetPlatform 'Android_DXT'
[2021.07.10-16.20.50:535][  0]LogTemp: Display: Module 'AndroidTargetPlatform' loaded TargetPlatform 'Android_ETC1'
[2021.07.10-16.20.50:535][  0]LogTemp: Display: Module 'AndroidTargetPlatform' loaded TargetPlatform 'Android_ETC1a'
[2021.07.10-16.20.50:535][  0]LogTemp: Display: Module 'AndroidTargetPlatform' loaded TargetPlatform 'Android_ETC2'
[2021.07.10-16.20.50:535][  0]LogTemp: Display: Module 'AndroidTargetPlatform' loaded TargetPlatform 'Android_PVRTC'
[2021.07.10-16.20.50:535][  0]LogTemp: Display: Module 'AndroidTargetPlatform' loaded TargetPlatform 'AndroidClient'
[2021.07.10-16.20.50:535][  0]LogTemp: Display: Module 'AndroidTargetPlatform' loaded TargetPlatform 'Android_ASTCClient'
[2021.07.10-16.20.50:535][  0]LogTemp: Display: Module 'AndroidTargetPlatform' loaded TargetPlatform 'Android_ATCClient'
[2021.07.10-16.20.50:535][  0]LogTemp: Display: Module 'AndroidTargetPlatform' loaded TargetPlatform 'Android_DXTClient'
[2021.07.10-16.20.50:535][  0]LogTemp: Display: Module 'AndroidTargetPlatform' loaded TargetPlatform 'Android_ETC1Client'
[2021.07.10-16.20.50:535][  0]LogTemp: Display: Module 'AndroidTargetPlatform' loaded TargetPlatform 'Android_ETC1aClient'
[2021.07.10-16.20.50:535][  0]LogTemp: Display: Module 'AndroidTargetPlatform' loaded TargetPlatform 'Android_ETC2Client'
[2021.07.10-16.20.50:535][  0]LogTemp: Display: Module 'AndroidTargetPlatform' loaded TargetPlatform 'Android_PVRTCClient'
[2021.07.10-16.20.50:535][  0]LogTemp: Display: Module 'AndroidTargetPlatform' loaded TargetPlatform 'Android_Multi'
[2021.07.10-16.20.50:535][  0]LogTemp: Display: Module 'AndroidTargetPlatform' loaded TargetPlatform 'Android_MultiClient'
[2021.07.10-16.20.50:539][  0]LogTemp: Display: Module 'HTML5TargetPlatform' loaded TargetPlatform 'HTML5'
[2021.07.10-16.20.50:576][  0]LogTemp: Display: Module 'IOSTargetPlatform' loaded TargetPlatform 'IOSClient'
[2021.07.10-16.20.50:576][  0]LogTemp: Display: Module 'IOSTargetPlatform' loaded TargetPlatform 'IOS'
[2021.07.10-16.20.50:601][  0]LogTemp: Display: Module 'TVOSTargetPlatform' loaded TargetPlatform 'TVOSClient'
[2021.07.10-16.20.50:601][  0]LogTemp: Display: Module 'TVOSTargetPlatform' loaded TargetPlatform 'TVOS'
[2021.07.10-16.20.50:615][  0]LogTemp: Display: Module 'LinuxClientTargetPlatform' loaded TargetPlatform 'LinuxClient'
[2021.07.10-16.20.50:625][  0]LogTemp: Display: Module 'LinuxNoEditorTargetPlatform' loaded TargetPlatform 'LinuxNoEditor'
[2021.07.10-16.20.50:636][  0]LogTemp: Display: Module 'LinuxServerTargetPlatform' loaded TargetPlatform 'LinuxServer'
[2021.07.10-16.20.50:653][  0]LogTemp: Display: Module 'LinuxTargetPlatform' loaded TargetPlatform 'Linux'
[2021.07.10-16.20.50:693][  0]LogTemp: Display: Module 'LuminTargetPlatform' loaded TargetPlatform 'Lumin'
[2021.07.10-16.20.50:693][  0]LogTemp: Display: Module 'LuminTargetPlatform' loaded TargetPlatform 'LuminClient'
[2021.07.10-16.20.50:694][  0]LogTargetPlatformManager: Display: Building Assets For Windows
[2021.07.10-16.20.50:707][  0]LogAudioDebug: Display: Lib vorbis DLL was dynamically loaded.
[2021.07.10-16.20.50:798][  0]LogShaderCompilers: Guid format shader working directory is -25 characters bigger than the processId version (../../../../../../Users/Caleb/Documents/Unreal Projects/LevelBlueprint/Intermediate/Shaders/WorkingDirectory/14524/).
[2021.07.10-16.20.50:799][  0]LogShaderCompilers: Cleaned the shader compiler working directory 'C:/Users/Caleb/AppData/Local/Temp/UnrealShaderWorkingDir/763269F34AA435325DE98DAABFF07ACE/'.
[2021.07.10-16.20.50:804][  0]LogXGEController: Cleaning working directory: C:/Users/Caleb/AppData/Local/Temp/UnrealXGEWorkingDir/
[2021.07.10-16.20.50:805][  0]LogXGEController: Cannot use XGE Controller as Incredibuild is not installed on this machine.
[2021.07.10-16.20.50:805][  0]LogShaderCompilers: Cannot use XGE Shader Compiler as Incredibuild is not installed on this machine.
[2021.07.10-16.20.50:805][  0]LogShaderCompilers: Display: Using Local Shader Compiler.
[2021.07.10-16.20.51:631][  0]LogDerivedDataCache: Display: Max Cache Size: 512 MB
[2021.07.10-16.20.51:690][  0]LogDerivedDataCache: Loaded boot cache 0.06s 73MB C:/Users/Caleb/AppData/Local/UnrealEngine/4.23/DerivedDataCache/Boot.ddc.
[2021.07.10-16.20.51:690][  0]LogDerivedDataCache: Display: Loaded Boot cache: C:/Users/Caleb/AppData/Local/UnrealEngine/4.23/DerivedDataCache/Boot.ddc
[2021.07.10-16.20.51:690][  0]LogDerivedDataCache: FDerivedDataBackendGraph:  Pak pak cache file ../../../../../../Users/Caleb/Documents/Unreal Projects/LevelBlueprint/DerivedDataCache/DDC.ddp not found, will not use a pak cache.
[2021.07.10-16.20.51:690][  0]LogDerivedDataCache: Unable to find inner node Pak for hierarchical cache Hierarchy.
[2021.07.10-16.20.51:690][  0]LogDerivedDataCache: FDerivedDataBackendGraph:  CompressedPak pak cache file ../../../../../../Users/Caleb/Documents/Unreal Projects/LevelBlueprint/DerivedDataCache/Compressed.ddp not found, will not use a pak cache.
[2021.07.10-16.20.51:690][  0]LogDerivedDataCache: Unable to find inner node CompressedPak for hierarchical cache Hierarchy.
[2021.07.10-16.20.51:703][  0]LogDerivedDataCache: Display: Pak cache opened for reading ../../../Engine/DerivedDataCache/Compressed.ddp.
[2021.07.10-16.20.51:703][  0]LogDerivedDataCache: FDerivedDataBackendGraph:  EnterprisePak pak cache file ../../../Enterprise/DerivedDataCache/Compressed.ddp not found, will not use a pak cache.
[2021.07.10-16.20.51:703][  0]LogDerivedDataCache: Unable to find inner node EnterprisePak for hierarchical cache Hierarchy.
[2021.07.10-16.20.51:705][  0]LogDerivedDataCache: Using Local data cache path C:/Users/Caleb/AppData/Local/UnrealEngine/Common/DerivedDataCache: Writable
[2021.07.10-16.20.51:705][  0]LogDerivedDataCache: Shared data cache path not found in *engine.ini, will not use an Shared cache.
[2021.07.10-16.20.51:705][  0]LogDerivedDataCache: Unable to find inner node Shared for hierarchical cache Hierarchy.
[2021.07.10-16.20.51:733][  0]LogMaterial: Verifying Global Shaders for PCD3D_SM5
[2021.07.10-16.20.51:736][  0]LogSlate: Using FreeType 2.6.0
[2021.07.10-16.20.51:737][  0]LogSlate: SlateFontServices - WITH_FREETYPE: 1, WITH_HARFBUZZ: 1
[2021.07.10-16.20.51:819][  0]LogAssetRegistry: FAssetRegistry took 0.0034 seconds to start up
[2021.07.10-16.20.52:189][  0]LogInit: Selected Device Profile: [Windows]
[2021.07.10-16.20.52:396][  0]LogMeshReduction: Using QuadricMeshReduction for automatic static mesh reduction
[2021.07.10-16.20.52:396][  0]LogMeshReduction: Using SimplygonMeshReduction for automatic skeletal mesh reduction
[2021.07.10-16.20.52:396][  0]LogMeshReduction: Using ProxyLODMeshReduction for automatic mesh merging
[2021.07.10-16.20.52:396][  0]LogMeshReduction: No distributed automatic mesh merging module available
[2021.07.10-16.20.52:396][  0]LogMeshMerging: No distributed automatic mesh merging module available
[2021.07.10-16.20.52:416][  0]LogNetVersion: LevelBlueprint 1.0.0, NetCL: 8386587, EngineNetVer: 11, GameNetVer: 0 (Checksum: 1787040843)
[2021.07.10-16.20.52:980][  0]LogPackageLocalizationCache: Processed 12 localized package path(s) for 1 prioritized culture(s) in 0.073356 seconds
[2021.07.10-16.20.52:989][  0]LogUObjectArray: 43444 objects as part of root set at end of initial load.
[2021.07.10-16.20.52:989][  0]LogUObjectAllocator: 7548648 out of 0 bytes used by permanent object pool.
[2021.07.10-16.20.52:989][  0]LogUObjectArray: CloseDisregardForGC: 0/0 objects in disregard for GC pool
[2021.07.10-16.20.54:372][  0]LogTcpMessaging: Initializing TcpMessaging bridge
[2021.07.10-16.20.54:376][  0]LogUdpMessaging: Initializing bridge on interface 0.0.0.0:0 to multicast group 230.0.0.1:6666.
[2021.07.10-16.20.54:563][  0]SourceControl: Source control is disabled
[2021.07.10-16.20.54:564][  0]SourceControl: Source control is disabled
[2021.07.10-16.20.54:568][  0]SourceControl: Source control is disabled
[2021.07.10-16.20.54:570][  0]SourceControl: Source control is disabled
[2021.07.10-16.20.54:734][  0]LogAndroidPermission: UAndroidPermissionCallbackProxy::GetInstance
[2021.07.10-16.20.54:886][  0]LogOcInput: OculusInput pre-init called
[2021.07.10-16.20.54:902][  0]LogWindows: Failed to load 'OVRPlugin.dll' (GetLastError=126)
[2021.07.10-16.20.54:902][  0]LogWindows: File 'OVRPlugin.dll' does not exist
[2021.07.10-16.20.55:007][  0]LogEngine: Initializing Engine...
[2021.07.10-16.20.55:008][  0]LogHMD: Failed to initialize OpenVR with code 110
[2021.07.10-16.20.55:009][  0]LogStats: UGameplayTagsManager::InitializeManager -  0.000 s
[2021.07.10-16.20.55:273][  0]LogInit: Initializing FReadOnlyCVARCache
[2021.07.10-16.20.55:297][  0]LogAIModule: Creating AISystem for world Untitled
[2021.07.10-16.20.55:314][  0]LogInit: XAudio2 using 'Speakers (Realtek High Definition Audio)' : 2 channels at 48 kHz using 32 bits per sample (channel mask 0x3)
[2021.07.10-16.20.55:387][  0]LogInit: FAudioDevice initialized.
[2021.07.10-16.20.55:388][  0]LogNetVersion: Set ProjectVersion to 1.0.0.0. Version Checksum will be recalculated on next use.
[2021.07.10-16.20.55:486][  0]LogDerivedDataCache: Saved boot cache 0.10s 73MB C:/Users/Caleb/AppData/Local/UnrealEngine/4.23/DerivedDataCache/Boot.ddc.
[2021.07.10-16.20.55:491][  0]LogInit: Texture streaming: Enabled
[2021.07.10-16.20.55:518][  0]LogEngineSessionManager: EngineSessionManager initialized
[2021.07.10-16.20.55:615][  0]LogInit: Transaction tracking system initialized
[2021.07.10-16.20.55:663][  0]BlueprintLog: New page: Editor Load
[2021.07.10-16.20.55:785][  0]LocalizationService: Localization service is disabled
[2021.07.10-16.20.56:139][  0]LogFileCache: Scanning file cache for directory 'C:/Users/Caleb/Documents/Unreal Projects/LevelBlueprint/Content/' took 0.01s
[2021.07.10-16.20.56:139][  0]LogCook: Display: Max memory allowance for cook 16384mb min free memory 0mb
[2021.07.10-16.20.56:139][  0]LogCook: Display: Mobile HDR setting 1
[2021.07.10-16.20.56:442][  0]SourceControl: Source control is disabled
[2021.07.10-16.20.56:442][  0]Cmd: MAP LOAD FILE="../../../../../../Users/Caleb/Documents/Unreal Projects/LevelBlueprint/Content/ThirdPersonBP/Maps/ThirdPersonExampleMap.umap" TEMPLATE=0 SHOWPROGRESS=1 FEATURELEVEL=3
[2021.07.10-16.20.56:443][  0]LightingResults: New page: Lighting Build
[2021.07.10-16.20.56:448][  0]LogWorld: UWorld::CleanupWorld for Untitled, bSessionEnded=true, bCleanupResources=true
[2021.07.10-16.20.56:448][  0]MapCheck: New page: Map Check
[2021.07.10-16.20.56:448][  0]LightingResults: New page: Lighting Build
[2021.07.10-16.20.56:476][  0]LogUObjectHash: Compacting FUObjectHashTables data took   2.17ms
[2021.07.10-16.20.57:298][  0]LogTexture: Display: Building textures: SkyOcclusion1_2 (AutoDXT, 512X256)
[2021.07.10-16.20.57:311][  0]LogAIModule: Creating AISystem for world ThirdPersonExampleMap
[2021.07.10-16.20.57:351][  0]LogEditorServer: Finished looking for orphan Actors (0.000 secs)
[2021.07.10-16.20.57:391][  0]LogUObjectHash: Compacting FUObjectHashTables data took   4.51ms
[2021.07.10-16.20.57:392][  0]Cmd: MAP CHECKDEP NOCLEARLOG
[2021.07.10-16.20.57:392][  0]MapCheck: Map check complete: 0 Error(s), 0 Warning(s), took 0.318ms to complete.
[2021.07.10-16.20.57:392][  0]LogFileHelpers: Loading map 'ThirdPersonExampleMap' took 0.950
[2021.07.10-16.20.57:519][  0]LogCollectionManager: Loaded 0 collections in 0.002919 seconds
[2021.07.10-16.20.57:528][  0]LogFileCache: Scanning file cache for directory 'C:/Users/Caleb/Documents/Unreal Projects/LevelBlueprint/Saved/Collections/' took 0.00s
[2021.07.10-16.20.57:528][  0]LogFileCache: Scanning file cache for directory 'C:/Users/Caleb/Documents/Unreal Projects/LevelBlueprint/Content/Developers/Caleb/Collections/' took 0.00s
[2021.07.10-16.20.57:528][  0]LogFileCache: Scanning file cache for directory 'C:/Users/Caleb/Documents/Unreal Projects/LevelBlueprint/Content/Collections/' took 0.00s
[2021.07.10-16.20.57:528][  0]LogCollectionManager: Rebuilt the GUID cache for 0 collections in 0.000002 seconds
[2021.07.10-16.20.57:538][  0]LogContentBrowser: Native class hierarchy populated in 0.0095 seconds. Added 2873 classes and 687 folders.
[2021.07.10-16.20.57:549][  0]LogContentBrowser: Native class hierarchy updated for 'WidgetCarousel' in 0.0004 seconds. Added 0 classes and 0 folders.
[2021.07.10-16.20.57:648][  0]LogContentBrowser: Native class hierarchy updated for 'AddContentDialog' in 0.0003 seconds. Added 0 classes and 0 folders.
[2021.07.10-16.20.57:670][  0]LogSlate: Updating window title bar state: overlay mode, drag disabled, window buttons hidden, title bar hidden
[2021.07.10-16.20.57:686][  0]LogSlate: Updating window title bar state: overlay mode, drag disabled, window buttons hidden, title bar hidden
[2021.07.10-16.20.57:699][  0]LogSlate: Updating window title bar state: overlay mode, drag disabled, window buttons hidden, title bar hidden
[2021.07.10-16.20.57:712][  0]LogSlate: Updating window title bar state: overlay mode, drag disabled, window buttons hidden, title bar hidden
[2021.07.10-16.20.57:733][  0]LogSlate: Took 0.000392 seconds to synchronously load lazily loaded font '../../../Engine/Content/Slate/Fonts/Roboto-Regular.ttf' (155K)
[2021.07.10-16.20.57:737][  0]LogSlate: Took 0.000330 seconds to synchronously load lazily loaded font '../../../Engine/Content/Editor/Slate/Fonts/FontAwesome.ttf' (139K)
[2021.07.10-16.20.57:738][  0]LogSlate: Took 0.000285 seconds to synchronously load lazily loaded font '../../../Engine/Content/Slate/Fonts/Roboto-Bold.ttf' (160K)
[2021.07.10-16.20.57:771][  0]LogSlate: Took 0.000259 seconds to synchronously load lazily loaded font '../../../Engine/Content/Slate/Fonts/Roboto-Light.ttf' (167K)
[2021.07.10-16.20.57:853][  0]LogRenderer: Reallocating scene render targets to support 1236x924 Format 10 NumSamples 1 (Frame:1).
[2021.07.10-16.20.58:200][  0]LogContentBrowser: Native class hierarchy updated for 'HierarchicalLODOutliner' in 0.0003 seconds. Added 0 classes and 0 folders.
[2021.07.10-16.20.58:200][  0]LogLoad: (Engine Initialization) Total time: 12.12 seconds
[2021.07.10-16.20.58:200][  0]LogLoad: (Engine Initialization) Total Blueprint compile time: 0.00 seconds
[2021.07.10-16.20.58:267][  0]LogContentStreaming: Texture pool size now 1000 MB
[2021.07.10-16.20.58:668][  2]LogAssetRegistry: Asset discovery search completed in 6.8507 seconds
[2021.07.10-16.20.58:673][  2]LogCollectionManager: Rebuilt the object cache for 0 collections in 0.000005 seconds (found 0 objects)
[2021.07.10-16.20.58:673][  2]LogCollectionManager: Fixed up redirectors for 0 collections in 0.000082 seconds (updated 0 objects)
[2021.07.10-16.20.59:245][ 28]LogSlate: Took 0.000514 seconds to synchronously load lazily loaded font '../../../Engine/Content/Slate/Fonts/Roboto-Light.ttf' (167K)
[2021.07.10-16.21.02:104][196]LogSlate: FSceneViewport::OnFocusLost() reason 0
[2021.07.10-16.21.02:186][201]LogTemp: Repeating last play command: New Editor Window (PIE)
[2021.07.10-16.21.02:207][201]LogBlueprintUserMessages: Early PlayInEditor Detection: Level '/Game/ThirdPersonBP/Maps/ThirdPersonExampleMap.ThirdPersonExampleMap:PersistentLevel' has LevelScriptBlueprint '/Game/ThirdPersonBP/Maps/ThirdPersonExampleMap.ThirdPersonExampleMap:PersistentLevel.ThirdPersonExampleMap' with GeneratedClass '/Game/ThirdPersonBP/Maps/ThirdPersonExampleMap.ThirdPersonExampleMap_C' with ClassGeneratedBy '/Game/ThirdPersonBP/Maps/ThirdPersonExampleMap.ThirdPersonExampleMap:PersistentLevel.ThirdPersonExampleMap'
[2021.07.10-16.21.02:207][201]LogPlayLevel: PlayLevel: No blueprints needed recompiling
[2021.07.10-16.21.02:208][201]PIE: New page: PIE session: ThirdPersonExampleMap (Jul 10, 2021, 8:21:02 AM)
[2021.07.10-16.21.02:209][201]LogOnline: OSS: Creating online subsystem instance for: NULL
[2021.07.10-16.21.02:210][201]LogPlayLevel: Creating play world package: /Game/ThirdPersonBP/Maps/UEDPIE_0_ThirdPersonExampleMap
[2021.07.10-16.21.02:230][201]LogPlayLevel: PIE: StaticDuplicateObject took: (0.019224s)
[2021.07.10-16.21.02:231][201]LogAIModule: Creating AISystem for world ThirdPersonExampleMap
[2021.07.10-16.21.02:232][201]LogPlayLevel: PIE: World Init took: (0.001652s)
[2021.07.10-16.21.02:232][201]LogPlayLevel: PIE: Created PIE world by copying editor world from /Game/ThirdPersonBP/Maps/ThirdPersonExampleMap.ThirdPersonExampleMap to /Game/ThirdPersonBP/Maps/UEDPIE_0_ThirdPersonExampleMap.ThirdPersonExampleMap (0.021358s)
[2021.07.10-16.21.02:264][201]LogUObjectHash: Compacting FUObjectHashTables data took   2.56ms
[2021.07.10-16.21.02:272][201]LogInit: XAudio2 using 'Speakers (Realtek High Definition Audio)' : 2 channels at 48 kHz using 32 bits per sample (channel mask 0x3)
[2021.07.10-16.21.02:310][201]LogInit: FAudioDevice initialized.
[2021.07.10-16.21.02:322][201]LogSlate: Updating window title bar state: overlay mode, drag disabled, window buttons hidden, title bar hidden
[2021.07.10-16.21.02:329][201]LogLoad: Game class is 'ThirdPersonGameMode_C'
[2021.07.10-16.21.02:351][201]LogWorld: Bringing World /Game/ThirdPersonBP/Maps/UEDPIE_0_ThirdPersonExampleMap.ThirdPersonExampleMap up for play (max tick rate 60) at 2021.07.10-12.21.02
[2021.07.10-16.21.02:352][201]LogWorld: Bringing up level for play took: 0.020613
[2021.07.10-16.21.02:352][201]LogOnline: OSS: Creating online subsystem instance for: :Context_4
[2021.07.10-16.21.02:364][201]LogContentBrowser: Native class hierarchy updated for 'MovieSceneCapture' in 0.0005 seconds. Added 20 classes and 0 folders.
[2021.07.10-16.21.02:371][201]PIE: Play in editor start time for /Game/ThirdPersonBP/Maps/UEDPIE_0_ThirdPersonExampleMap -0.286
[2021.07.10-16.21.02:371][201]LogBlueprintUserMessages: Late PlayInEditor Detection: Level '/Game/ThirdPersonBP/Maps/ThirdPersonExampleMap.ThirdPersonExampleMap:PersistentLevel' has LevelScriptBlueprint '/Game/ThirdPersonBP/Maps/ThirdPersonExampleMap.ThirdPersonExampleMap:PersistentLevel.ThirdPersonExampleMap' with GeneratedClass '/Game/ThirdPersonBP/Maps/ThirdPersonExampleMap.ThirdPersonExampleMap_C' with ClassGeneratedBy '/Game/ThirdPersonBP/Maps/ThirdPersonExampleMap.ThirdPersonExampleMap:PersistentLevel.ThirdPersonExampleMap'
[2021.07.10-16.21.02:451][202]LogRenderer: Reallocating scene render targets to support 1280x924 Format 10 NumSamples 1 (Frame:1).
[2021.07.10-16.21.10:322][427]LogBlueprintUserMessages: Early EndPlayMap Detection: Level '/Game/ThirdPersonBP/Maps/ThirdPersonExampleMap.ThirdPersonExampleMap:PersistentLevel' has LevelScriptBlueprint '/Game/ThirdPersonBP/Maps/ThirdPersonExampleMap.ThirdPersonExampleMap:PersistentLevel.ThirdPersonExampleMap' with GeneratedClass '/Game/ThirdPersonBP/Maps/ThirdPersonExampleMap.ThirdPersonExampleMap_C' with ClassGeneratedBy '/Game/ThirdPersonBP/Maps/ThirdPersonExampleMap.ThirdPersonExampleMap:PersistentLevel.ThirdPersonExampleMap'
[2021.07.10-16.21.10:323][427]LogSlate: Updating window title bar state: overlay mode, drag disabled, window buttons hidden, title bar hidden
[2021.07.10-16.21.10:323][427]LogWorld: BeginTearingDown for /Game/ThirdPersonBP/Maps/UEDPIE_0_ThirdPersonExampleMap
[2021.07.10-16.21.10:338][427]LogSlate: Window 'LevelBlueprint Game Preview Standalone (64-bit/PCD3D_SM5)' being destroyed
[2021.07.10-16.21.10:344][427]LogWorld: UWorld::CleanupWorld for ThirdPersonExampleMap, bSessionEnded=true, bCleanupResources=true
[2021.07.10-16.21.10:354][427]LogPlayLevel: Display: Shutting down PIE online subsystems
[2021.07.10-16.21.10:354][427]LogBlueprintUserMessages: Late EndPlayMap Detection: Level '/Game/ThirdPersonBP/Maps/ThirdPersonExampleMap.ThirdPersonExampleMap:PersistentLevel' has LevelScriptBlueprint '/Game/ThirdPersonBP/Maps/ThirdPersonExampleMap.ThirdPersonExampleMap:PersistentLevel.ThirdPersonExampleMap' with GeneratedClass '/Game/ThirdPersonBP/Maps/ThirdPersonExampleMap.ThirdPersonExampleMap_C' with ClassGeneratedBy '/Game/ThirdPersonBP/Maps/ThirdPersonExampleMap.ThirdPersonExampleMap:PersistentLevel.ThirdPersonExampleMap'
[2021.07.10-16.21.10:454][427]LogUObjectHash: Compacting FUObjectHashTables data took   2.45ms
[2021.07.10-16.21.10:478][428]LogPlayLevel: Display: Destroying online subsystem :Context_4
[2021.07.10-16.21.12:001][507]LogUObjectHash: Compacting FUObjectHashTables data took   1.03ms
[2021.07.10-16.21.12:081][507]LogSlate: Window 'LevelBlueprint - Unreal Editor' being destroyed
[2021.07.10-16.21.12:082][507]LogWindowsTextInputMethodSystem: Display: IME system now deactivated.
[2021.07.10-16.21.12:274][508]Cmd: QUIT_EDITOR
[2021.07.10-16.21.12:338][508]LogExit: Preparing to exit.
[2021.07.10-16.21.12:416][508]LogWorld: UWorld::CleanupWorld for World_1, bSessionEnded=true, bCleanupResources=true
[2021.07.10-16.21.12:416][508]LogWorld: UWorld::CleanupWorld for World_0, bSessionEnded=true, bCleanupResources=true
[2021.07.10-16.21.12:416][508]LogWorld: UWorld::CleanupWorld for World_2, bSessionEnded=true, bCleanupResources=true
[2021.07.10-16.21.12:430][508]LogDemo: Cleaned up 0 splitscreen connections with owner deletion
[2021.07.10-16.21.12:438][508]LogWorld: UWorld::CleanupWorld for None, bSessionEnded=true, bCleanupResources=true
[2021.07.10-16.21.12:438][508]LogExit: Editor shut down
[2021.07.10-16.21.12:439][508]LogExit: Transaction tracking system shut down
[2021.07.10-16.21.12:758][508]LogExit: Object subsystem successfully closed.
[2021.07.10-16.21.12:784][508]LogShaderCompilers: Display: Shaders left to compile 0
[2021.07.10-16.21.12:848][508]LogModuleManager: Shutting down and abandoning module MovieSceneCapture (676)
[2021.07.10-16.21.12:848][508]LogModuleManager: Shutting down and abandoning module Voice (674)
[2021.07.10-16.21.12:848][508]LogModuleManager: Shutting down and abandoning module HierarchicalLODOutliner (672)
[2021.07.10-16.21.12:848][508]LogModuleManager: Shutting down and abandoning module AddContentDialog (670)
[2021.07.10-16.21.12:849][508]LogModuleManager: Shutting down and abandoning module WidgetCarousel (669)
[2021.07.10-16.21.12:849][508]LogModuleManager: Shutting down and abandoning module EditorWidgets (666)
[2021.07.10-16.21.12:849][508]LogModuleManager: Shutting down and abandoning module CollectionManager (664)
[2021.07.10-16.21.12:849][508]LogModuleManager: Shutting down and abandoning module SceneOutliner (662)
[2021.07.10-16.21.12:849][508]LogModuleManager: Shutting down and abandoning module StatsViewer (660)
[2021.07.10-16.21.12:849][508]LogModuleManager: Shutting down and abandoning module VirtualTexturingEditor (658)
[2021.07.10-16.21.12:849][508]LogModuleManager: Shutting down and abandoning module FoliageEdit (656)
[2021.07.10-16.21.12:849][508]LogModuleManager: Shutting down and abandoning module LandscapeEditor (654)
[2021.07.10-16.21.12:849][508]LogModuleManager: Shutting down and abandoning module MeshPaintMode (652)
[2021.07.10-16.21.12:849][508]LogModuleManager: Shutting down and abandoning module SceneDepthPickerMode (650)
[2021.07.10-16.21.12:849][508]LogModuleManager: Shutting down and abandoning module ActorPickerMode (648)
[2021.07.10-16.21.12:849][508]LogModuleManager: Shutting down and abandoning module GeometryMode (646)
[2021.07.10-16.21.12:849][508]LogModuleManager: Shutting down and abandoning module TextureAlignMode (644)
[2021.07.10-16.21.12:849][508]LogModuleManager: Shutting down and abandoning module BspMode (642)
[2021.07.10-16.21.12:849][508]LogModuleManager: Shutting down and abandoning module PIEPreviewDeviceProfileSelector (640)
[2021.07.10-16.21.12:849][508]LogModuleManager: Shutting down and abandoning module SequenceRecorderSections (638)
[2021.07.10-16.21.12:850][508]LogModuleManager: Shutting down and abandoning module AutomationWorker (636)
[2021.07.10-16.21.12:850][508]LogModuleManager: Shutting down and abandoning module OculusMR (634)
[2021.07.10-16.21.12:850][508]LogModuleManager: Shutting down and abandoning module AudioCaptureEditor (632)
[2021.07.10-16.21.12:850][508]LogModuleManager: Shutting down and abandoning module MatineeToLevelSequence (630)
[2021.07.10-16.21.12:850][508]LogModuleManager: Shutting down and abandoning module LevelSequenceEditor (628)
[2021.07.10-16.21.12:850][508]LogModuleManager: Shutting down and abandoning module PlacementMode (627)
[2021.07.10-16.21.12:850][508]LogModuleManager: Shutting down and abandoning module MaterialEditor (626)
[2021.07.10-16.21.12:850][508]LogModuleManager: Shutting down and abandoning module ActorSequenceEditor (622)
[2021.07.10-16.21.12:850][508]LogModuleManager: Shutting down and abandoning module WmfMediaFactory (620)
[2021.07.10-16.21.12:850][508]LogModuleManager: Shutting down and abandoning module WmfMediaEditor (618)
[2021.07.10-16.21.12:850][508]LogModuleManager: Shutting down and abandoning module WebMMediaFactory (616)
[2021.07.10-16.21.12:850][508]LogModuleManager: Shutting down and abandoning module WebMMediaEditor (614)
[2021.07.10-16.21.12:850][508]LogModuleManager: Shutting down and abandoning module WebMMedia (612)
[2021.07.10-16.21.12:850][508]LogModuleManager: Shutting down and abandoning module MediaPlayerEditor (610)
[2021.07.10-16.21.12:850][508]LogModuleManager: Shutting down and abandoning module MediaCompositingEditor (608)
[2021.07.10-16.21.12:850][508]LogModuleManager: Shutting down and abandoning module SequenceRecorder (607)
[2021.07.10-16.21.12:850][508]LogModuleManager: Shutting down and abandoning module OpenExrWrapper (604)
[2021.07.10-16.21.12:850][508]LogModuleManager: Shutting down and abandoning module ImgMediaFactory (602)
[2021.07.10-16.21.12:850][508]LogModuleManager: Shutting down and abandoning module ImgMediaEditor (600)
[2021.07.10-16.21.12:850][508]LogModuleManager: Shutting down and abandoning module AvfMediaFactory (598)
[2021.07.10-16.21.12:850][508]LogModuleManager: Shutting down and abandoning module AvfMediaEditor (596)
[2021.07.10-16.21.12:850][508]LogModuleManager: Shutting down and abandoning module AndroidMediaFactory (594)
[2021.07.10-16.21.12:850][508]LogModuleManager: Shutting down and abandoning module AndroidMediaEditor (592)
[2021.07.10-16.21.12:850][508]LogModuleManager: Shutting down and abandoning module MagicLeapCameraPreviewFactory (590)
[2021.07.10-16.21.12:850][508]LogModuleManager: Shutting down and abandoning module MagicLeapMediaCodecFactory (588)
[2021.07.10-16.21.12:850][508]LogModuleManager: Shutting down and abandoning module MagicLeapMediaFactory (586)
[2021.07.10-16.21.12:850][508]LogModuleManager: Shutting down and abandoning module MagicLeapMediaEditor (584)
[2021.07.10-16.21.12:850][508]LogModuleManager: Shutting down and abandoning module CharacterAI (582)
[2021.07.10-16.21.12:850][508]LogModuleManager: Shutting down and abandoning module SmartSnapping (580)
[2021.07.10-16.21.12:850][508]LogModuleManager: Shutting down and abandoning module SessionServices (578)
[2021.07.10-16.21.12:850][508]LogModuleManager: Shutting down and abandoning module MeshPaint (576)
[2021.07.10-16.21.12:850][508]LogModuleManager: Shutting down and abandoning module ViewportSnapping (574)
[2021.07.10-16.21.12:850][508]LogModuleManager: Shutting down and abandoning module ViewportInteraction (572)
[2021.07.10-16.21.12:850][508]LogModuleManager: Shutting down and abandoning module ClothPainter (570)
[2021.07.10-16.21.12:850][508]LogModuleManager: Shutting down and abandoning module SkeletalMeshEditor (569)
[2021.07.10-16.21.12:850][508]LogModuleManager: Shutting down and abandoning module LogVisualizer (566)
[2021.07.10-16.21.12:851][508]LogModuleManager: Shutting down and abandoning module IntroTutorials (564)
[2021.07.10-16.21.12:851][508]LogModuleManager: Shutting down and abandoning module GameProjectGeneration (563)
[2021.07.10-16.21.12:851][508]LogModuleManager: Shutting down and abandoning module LuminPlatformEditor (560)
[2021.07.10-16.21.12:851][508]LogModuleManager: Shutting down and abandoning module IOSPlatformEditor (558)
[2021.07.10-16.21.12:851][508]LogModuleManager: Shutting down and abandoning module HTML5PlatformEditor (556)
[2021.07.10-16.21.12:851][508]LogModuleManager: Shutting down and abandoning module AndroidPlatformEditor (554)
[2021.07.10-16.21.12:851][508]LogModuleManager: Shutting down and abandoning module AndroidDeviceDetection (553)
[2021.07.10-16.21.13:851][508]LogModuleManager: Shutting down and abandoning module WindowsPlatformEditor (550)
[2021.07.10-16.21.13:851][508]LogModuleManager: Shutting down and abandoning module LuminRuntimeSettings (548)
[2021.07.10-16.21.13:851][508]LogModuleManager: Shutting down and abandoning module IOSRuntimeSettings (546)
[2021.07.10-16.21.13:851][508]LogModuleManager: Shutting down and abandoning module AndroidRuntimeSettings (544)
[2021.07.10-16.21.13:851][508]LogModuleManager: Shutting down and abandoning module TimeManagementEditor (542)
[2021.07.10-16.21.13:851][508]LogModuleManager: Shutting down and abandoning module InputBindingEditor (540)
[2021.07.10-16.21.13:852][508]LogModuleManager: Shutting down and abandoning module MergeActors (538)
[2021.07.10-16.21.13:852][508]LogModuleManager: Shutting down and abandoning module LocalizationDashboard (536)
[2021.07.10-16.21.13:852][508]LogModuleManager: Shutting down and abandoning module LocalizationService (535)
[2021.07.10-16.21.13:852][508]LogModuleManager: Shutting down and abandoning module HardwareTargeting (532)
[2021.07.10-16.21.13:852][508]LogModuleManager: Shutting down and abandoning module DeviceProfileEditor (530)
[2021.07.10-16.21.13:852][508]LogModuleManager: Shutting down and abandoning module UndoHistory (528)
[2021.07.10-16.21.13:852][508]LogModuleManager: Shutting down and abandoning module XmlParser (526)
[2021.07.10-16.21.13:852][508]LogModuleManager: Shutting down and abandoning module Blutility (524)
[2021.07.10-16.21.13:852][508]LogModuleManager: Shutting down and abandoning module ProjectSettingsViewer (522)
[2021.07.10-16.21.13:852][508]LogModuleManager: Shutting down and abandoning module ProjectTargetPlatformEditor (521)
[2021.07.10-16.21.13:852][508]LogModuleManager: Shutting down and abandoning module EditorSettingsViewer (518)
[2021.07.10-16.21.13:852][508]LogModuleManager: Shutting down and abandoning module SettingsEditor (516)
[2021.07.10-16.21.13:852][508]LogModuleManager: Shutting down and abandoning module ProjectLauncher (514)
[2021.07.10-16.21.13:852][508]LogModuleManager: Shutting down and abandoning module SessionFrontend (512)
[2021.07.10-16.21.13:852][508]LogModuleManager: Shutting down and abandoning module ProfilerClient (510)
[2021.07.10-16.21.13:852][508]LogModuleManager: Shutting down and abandoning module DeviceManager (508)
[2021.07.10-16.21.13:852][508]LogModuleManager: Shutting down and abandoning module TargetDeviceServices (507)
[2021.07.10-16.21.13:885][508]LogModuleManager: Shutting down and abandoning module AutomationController (504)
[2021.07.10-16.21.13:885][508]LogModuleManager: Shutting down and abandoning module AutomationWindow (502)
[2021.07.10-16.21.13:885][508]LogModuleManager: Shutting down and abandoning module Layers (500)
[2021.07.10-16.21.13:885][508]LogModuleManager: Shutting down and abandoning module ComponentVisualizers (498)
[2021.07.10-16.21.13:885][508]LogModuleManager: Shutting down and abandoning module DetailCustomizations (496)
[2021.07.10-16.21.13:885][508]LogModuleManager: Shutting down and abandoning module PackagesDialog (494)
[2021.07.10-16.21.13:885][508]LogModuleManager: Shutting down and abandoning module AnimationBlueprintEditor (492)
[2021.07.10-16.21.13:885][508]LogModuleManager: Shutting down and abandoning module Persona (490)
[2021.07.10-16.21.13:885][508]LogModuleManager: Shutting down and abandoning module AdvancedPreviewScene (489)
[2021.07.10-16.21.13:885][508]LogModuleManager: Shutting down and abandoning module AnimGraph (487)
[2021.07.10-16.21.13:885][508]LogModuleManager: Shutting down and abandoning module Kismet (484)
[2021.07.10-16.21.13:885][508]LogModuleManager: Shutting down and abandoning module KismetWidgets (483)
[2021.07.10-16.21.13:885][508]LogModuleManager: Shutting down and abandoning module GraphEditor (480)
[2021.07.10-16.21.13:885][508]LogModuleManager: Shutting down and abandoning module StructViewer (478)
[2021.07.10-16.21.13:885][508]LogModuleManager: Shutting down and abandoning module ClassViewer (476)
[2021.07.10-16.21.13:885][508]LogModuleManager: Shutting down and abandoning module Toolbox (474)
[2021.07.10-16.21.13:885][508]LogModuleManager: Shutting down and abandoning module ModuleUI (472)
[2021.07.10-16.21.13:885][508]LogModuleManager: Shutting down and abandoning module MovieSceneTools (470)
[2021.07.10-16.21.13:885][508]LogModuleManager: Shutting down and abandoning module OutputLog (468)
[2021.07.10-16.21.13:886][508]LogModuleManager: Shutting down and abandoning module GammaUI (466)
[2021.07.10-16.21.13:886][508]LogModuleManager: Shutting down and abandoning module Documentation (464)
[2021.07.10-16.21.13:886][508]LogModuleManager: Shutting down and abandoning module LiveCoding (462)
[2021.07.10-16.21.13:886][508]LogModuleManager: Shutting down and abandoning module LevelSequence (460)
[2021.07.10-16.21.13:886][508]LogModuleManager: Shutting down and abandoning module MovieSceneTracks (458)
[2021.07.10-16.21.13:886][508]LogModuleManager: Shutting down and abandoning module MovieScene (456)
[2021.07.10-16.21.13:886][508]LogModuleManager: Shutting down and abandoning module StreamingPauseRendering (454)
[2021.07.10-16.21.13:886][508]LogModuleManager: Shutting down and abandoning module LauncherPlatform (452)
[2021.07.10-16.21.13:886][508]LogModuleManager: Shutting down and abandoning module AnalyticsET (450)
[2021.07.10-16.21.13:886][508]LogModuleManager: Shutting down and abandoning module PortalServices (448)
[2021.07.10-16.21.13:886][508]LogModuleManager: Shutting down and abandoning module PortalRpc (446)
[2021.07.10-16.21.13:886][508]LogModuleManager: Shutting down and abandoning module MessagingRpc (444)
[2021.07.10-16.21.13:886][508]LogModuleManager: Shutting down and abandoning module AIModule (442)
[2021.07.10-16.21.13:886][508]LogModuleManager: Shutting down and abandoning module GameplayDebugger (441)
[2021.07.10-16.21.13:886][508]LogModuleManager: Shutting down and abandoning module AITestSuite (439)
[2021.07.10-16.21.13:886][508]LogModuleManager: Shutting down and abandoning module NavigationSystem (437)
[2021.07.10-16.21.13:886][508]LogModuleManager: Shutting down and abandoning module DesktopPlatform (434)
[2021.07.10-16.21.13:886][508]LogModuleManager: Shutting down and abandoning module ImageWriteQueue (432)
[2021.07.10-16.21.13:890][508]LogModuleManager: Shutting down and abandoning module ProfilerService (430)
[2021.07.10-16.21.14:001][508]LogModuleManager: Shutting down and abandoning module TaskGraph (428)
[2021.07.10-16.21.14:001][508]LogModuleManager: Shutting down and abandoning module ScreenshotTools (426)
[2021.07.10-16.21.14:001][508]LogModuleManager: Shutting down and abandoning module SteamVRController (424)
[2021.07.10-16.21.14:001][508]LogModuleManager: Shutting down and abandoning module ProceduralMeshComponentEditor (422)
[2021.07.10-16.21.14:001][508]LogModuleManager: Shutting down and abandoning module ProceduralMeshComponent (420)
[2021.07.10-16.21.14:001][508]LogModuleManager: Shutting down and abandoning module OculusEditor (418)
[2021.07.10-16.21.14:001][508]LogModuleManager: Shutting down and abandoning module OculusInput (416)
[2021.07.10-16.21.14:001][508]LogModuleManager: Shutting down and abandoning module MobilePatchingUtils (414)
[2021.07.10-16.21.14:001][508]LogModuleManager: Shutting down and abandoning module EditableMesh (412)
[2021.07.10-16.21.14:001][508]LogModuleManager: Shutting down and abandoning module CustomMeshComponent (410)
[2021.07.10-16.21.14:001][508]LogModuleManager: Shutting down and abandoning module CableComponent (408)
[2021.07.10-16.21.14:001][508]LogModuleManager: Shutting down and abandoning module AudioCapture (406)
[2021.07.10-16.21.14:001][508]LogModuleManager: Shutting down and abandoning module ArchVisCharacter (404)
[2021.07.10-16.21.14:001][508]LogModuleManager: Shutting down and abandoning module AppleImageUtilsBlueprintSupport (402)
[2021.07.10-16.21.14:001][508]LogModuleManager: Shutting down and abandoning module AppleImageUtils (400)
[2021.07.10-16.21.14:001][508]LogModuleManager: Shutting down and abandoning module AndroidPermission (398)
[2021.07.10-16.21.14:001][508]LogModuleManager: Shutting down and abandoning module NUTUnrealEngine4 (396)
[2021.07.10-16.21.14:001][508]LogModuleManager: Shutting down and abandoning module NetcodeUnitTest (394)
[2021.07.10-16.21.14:001][508]LogModuleManager: Shutting down and abandoning module MediaCompositing (392)
[2021.07.10-16.21.14:001][508]LogModuleManager: Shutting down and abandoning module ImgMedia (390)
[2021.07.10-16.21.14:001][508]LogModuleManager: Shutting down and abandoning module MagicLeapHelperVulkan (388)
[2021.07.10-16.21.14:001][508]LogModuleManager: Shutting down and abandoning module MagicLeapHelperOpenGL (386)
[2021.07.10-16.21.14:001][508]LogModuleManager: Shutting down and abandoning module MagicLeapAudio (384)
[2021.07.10-16.21.14:001][508]LogModuleManager: Shutting down and abandoning module HTML5Networking (382)
[2021.07.10-16.21.14:001][508]LogModuleManager: Shutting down and abandoning module GeometryCacheTracks (380)
[2021.07.10-16.21.14:001][508]LogModuleManager: Shutting down and abandoning module GeometryCacheSequencer (378)
[2021.07.10-16.21.14:001][508]LogModuleManager: Shutting down and abandoning module BackChannel (376)
[2021.07.10-16.21.14:001][508]LogModuleManager: Shutting down and abandoning module AutomationUtilsEditor (374)
[2021.07.10-16.21.14:001][508]LogModuleManager: Shutting down and abandoning module AutomationUtils (372)
[2021.07.10-16.21.14:001][508]LogModuleManager: Shutting down and abandoning module AlembicImporter (370)
[2021.07.10-16.21.14:001][508]LogModuleManager: Shutting down and abandoning module AlembicLibrary (369)
[2021.07.10-16.21.14:001][508]LogModuleManager: Shutting down and abandoning module GeometryCache (368)
[2021.07.10-16.21.14:001][508]LogModuleManager: Shutting down and abandoning module GeometryCacheEd (367)
[2021.07.10-16.21.14:001][508]LogModuleManager: Shutting down and abandoning module VariantManagerContent (362)
[2021.07.10-16.21.14:001][508]LogModuleManager: Shutting down and abandoning module DatasmithContentEditor (360)
[2021.07.10-16.21.14:001][508]LogModuleManager: Shutting down and abandoning module SpeedTreeImporter (358)
[2021.07.10-16.21.14:001][508]LogModuleManager: Shutting down and abandoning module PluginBrowser (356)
[2021.07.10-16.21.14:001][508]LogModuleManager: Shutting down and abandoning module MobileLauncherProfileWizard (354)
[2021.07.10-16.21.14:001][508]LogModuleManager: Shutting down and abandoning module MaterialAnalyzer (352)
[2021.07.10-16.21.14:001][508]LogModuleManager: Shutting down and abandoning module CurveEditorTools (350)
[2021.07.10-16.21.14:001][508]LogModuleManager: Shutting down and abandoning module CurveEditor (349)
[2021.07.10-16.21.14:001][508]LogModuleManager: Shutting down and abandoning module CryptoKeysOpenSSL (346)
[2021.07.10-16.21.14:002][508]LogModuleManager: Shutting down and abandoning module CryptoKeys (344)
[2021.07.10-16.21.14:002][508]LogModuleManager: Shutting down and abandoning module VisualStudioSourceCodeAccess (342)
[2021.07.10-16.21.14:002][508]LogModuleManager: Shutting down and abandoning module VisualStudioCodeSourceCodeAccess (340)
[2021.07.10-16.21.14:002][508]LogModuleManager: Shutting down and abandoning module UObjectPlugin (338)
[2021.07.10-16.21.14:002][508]LogModuleManager: Shutting down and abandoning module SubversionSourceControl (336)
[2021.07.10-16.21.14:002][508]LogModuleManager: Shutting down and abandoning module PerforceSourceControl (334)
[2021.07.10-16.21.14:002][508]LogModuleManager: Shutting down and abandoning module GitSourceControl (332)
[2021.07.10-16.21.14:002][508]LogModuleManager: Shutting down and abandoning module SourceControl (331)
[2021.07.10-16.21.14:002][508]LogModuleManager: Shutting down and abandoning module CLionSourceCodeAccess (328)
[2021.07.10-16.21.14:002][508]LogModuleManager: Shutting down and abandoning module AnimationSharingEd (326)
[2021.07.10-16.21.14:002][508]LogModuleManager: Shutting down and abandoning module ActorLayerUtilitiesEditor (324)
[2021.07.10-16.21.14:002][508]LogModuleManager: Shutting down and abandoning module ActorLayerUtilities (322)
[2021.07.10-16.21.14:002][508]LogModuleManager: Shutting down and abandoning module LightPropagationVolumeEditor (320)
[2021.07.10-16.21.14:002][508]LogModuleManager: Shutting down and abandoning module PaperTiledImporter (318)
[2021.07.10-16.21.14:002][508]LogModuleManager: Shutting down and abandoning module PaperSpriteSheetImporter (316)
[2021.07.10-16.21.14:002][508]LogModuleManager: Shutting down and abandoning module Paper2DEditor (314)
[2021.07.10-16.21.14:002][508]LogModuleManager: Shutting down and abandoning module SignificanceManager (312)
[2021.07.10-16.21.14:002][508]LogModuleManager: Shutting down and abandoning module RuntimePhysXCooking (310)
[2021.07.10-16.21.14:002][508]LogModuleManager: Shutting down and abandoning module PhysXVehiclesEditor (308)
[2021.07.10-16.21.14:002][508]LogModuleManager: Shutting down and abandoning module LocationServicesBPLibrary (304)
[2021.07.10-16.21.14:002][508]LogModuleManager: Shutting down and abandoning module ApexDestructionEditor (302)
[2021.07.10-16.21.14:002][508]LogModuleManager: Shutting down and abandoning module ApexDestruction (300)
[2021.07.10-16.21.14:002][508]LogModuleManager: Shutting down and abandoning module ActorSequence (298)
[2021.07.10-16.21.14:002][508]LogModuleManager: Shutting down and abandoning module UdpMessaging (296)
[2021.07.10-16.21.14:103][508]LogModuleManager: Shutting down and abandoning module TcpMessaging (294)
[2021.07.10-16.21.14:203][508]LogModuleManager: Shutting down and abandoning module MagicLeapIdentity (292)
[2021.07.10-16.21.14:203][508]LogModuleManager: Shutting down and abandoning module MagicLeapSecureStorage (290)
[2021.07.10-16.21.14:203][508]LogModuleManager: Shutting down and abandoning module MagicLeapHandTracking (288)
[2021.07.10-16.21.14:203][508]LogModuleManager: Shutting down and abandoning module MagicLeapEyeTracker (286)
[2021.07.10-16.21.14:203][508]LogModuleManager: Shutting down and abandoning module MagicLeapController (284)
[2021.07.10-16.21.14:203][508]LogSlate: Slate User Destroyed.  User Index 0, Is Virtual User: 0
[2021.07.10-16.21.14:203][508]LogModuleManager: Shutting down and abandoning module MagicLeapAR (282)
[2021.07.10-16.21.14:203][508]LogModuleManager: Shutting down and abandoning module AugmentedReality (281)
[2021.07.10-16.21.14:203][508]LogModuleManager: Shutting down and abandoning module GameplayTagsEditor (278)
[2021.07.10-16.21.14:203][508]LogModuleManager: Shutting down and abandoning module FacialAnimationEditor (276)
[2021.07.10-16.21.14:203][508]LogModuleManager: Shutting down and abandoning module FacialAnimation (274)
[2021.07.10-16.21.14:203][508]LogModuleManager: Shutting down and abandoning module DataValidation (272)
[2021.07.10-16.21.14:203][508]LogModuleManager: Shutting down and abandoning module AssetManagerEditor (270)
[2021.07.10-16.21.14:203][508]LogModuleManager: Shutting down and abandoning module LevelEditor (269)
[2021.07.10-16.21.14:204][508]LogModuleManager: Shutting down and abandoning module PixelInspectorModule (268)
[2021.07.10-16.21.14:204][508]LogModuleManager: Shutting down and abandoning module CommonMenuExtensions (266)
[2021.07.10-16.21.14:204][508]LogModuleManager: Shutting down and abandoning module MainFrame (264)
[2021.07.10-16.21.14:204][508]LogModuleManager: Shutting down and abandoning module HotReload (263)
[2021.07.10-16.21.14:205][508]LogModuleManager: Shutting down and abandoning module ContentBrowser (259)
[2021.07.10-16.21.14:206][508]LogModuleManager: Shutting down and abandoning module TreeMap (257)
[2021.07.10-16.21.14:206][508]LogModuleManager: Shutting down and abandoning module AnimationSharing (254)
[2021.07.10-16.21.14:206][508]LogModuleManager: Shutting down and abandoning module LightPropagationVolumeRuntime (252)
[2021.07.10-16.21.14:206][508]LogModuleManager: Shutting down and abandoning module Paper2D (250)
[2021.07.10-16.21.14:206][508]LogModuleManager: Shutting down and abandoning module WindowsMoviePlayer (248)
[2021.07.10-16.21.14:209][508]LogModuleManager: Shutting down and abandoning module WebMMoviePlayer (246)
[2021.07.10-16.21.14:209][508]LogModuleManager: Shutting down and abandoning module NetworkReplayStreaming (244)
[2021.07.10-16.21.14:209][508]LogModuleManager: Shutting down and abandoning module PacketHandler (242)
[2021.07.10-16.21.14:209][508]LogModuleManager: Shutting down and abandoning module ClothingSystemEditor (240)
[2021.07.10-16.21.14:209][508]LogModuleManager: Shutting down and abandoning module ClothingSystemRuntime (238)
[2021.07.10-16.21.14:209][508]LogModuleManager: Shutting down and abandoning module MediaAssets (236)
[2021.07.10-16.21.14:209][508]LogModuleManager: Shutting down and abandoning module Overlay (234)
[2021.07.10-16.21.14:209][508]LogModuleManager: Shutting down and abandoning module OverlayEditor (233)
[2021.07.10-16.21.14:209][508]LogModuleManager: Shutting down and abandoning module VREditor (230)
[2021.07.10-16.21.14:209][508]LogModuleManager: Shutting down and abandoning module StringTableEditor (228)
[2021.07.10-16.21.14:209][508]LogModuleManager: Shutting down and abandoning module GameplayTasksEditor (226)
[2021.07.10-16.21.14:209][508]LogModuleManager: Shutting down and abandoning module BehaviorTreeEditor (224)
[2021.07.10-16.21.14:209][508]LogModuleManager: Shutting down and abandoning module FunctionalTesting (222)
[2021.07.10-16.21.14:209][508]LogModuleManager: Shutting down and abandoning module CollisionAnalyzer (220)
[2021.07.10-16.21.14:209][508]LogModuleManager: Shutting down and abandoning module WorkspaceMenuStructure (219)
[2021.07.10-16.21.14:209][508]LogModuleManager: Shutting down and abandoning module UMG (216)
[2021.07.10-16.21.14:209][508]LogModuleManager: Shutting down and abandoning module UMGEditor (215)
[2021.07.10-16.21.14:209][508]LogModuleManager: Shutting down and abandoning module Sequencer (214)
[2021.07.10-16.21.14:209][508]LogModuleManager: Shutting down and abandoning module MessageLog (211)
[2021.07.10-16.21.14:209][508]LogModuleManager: Shutting down and abandoning module SlateReflector (206)
[2021.07.10-16.21.14:209][508]LogModuleManager: Shutting down and abandoning module Slate (204)
[2021.07.10-16.21.14:209][508]LogModuleManager: Shutting down and abandoning module LandscapeEditorUtilities (202)
[2021.07.10-16.21.14:209][508]LogModuleManager: Shutting down and abandoning module EditorStyle (200)
[2021.07.10-16.21.14:210][508]LogModuleManager: Shutting down and abandoning module UnrealEd (198)
[2021.07.10-16.21.14:211][508]LogModuleManager: Shutting down and abandoning module MRMesh (196)
[2021.07.10-16.21.14:211][508]LogModuleManager: Shutting down and abandoning module SourceCodeAccess (194)
[2021.07.10-16.21.14:211][508]LogModuleManager: Shutting down and abandoning module HeadMountedDisplay (192)
[2021.07.10-16.21.14:211][508]LogModuleManager: Shutting down and abandoning module XAudio2 (190)
[2021.07.10-16.21.14:211][508]LogModuleManager: Shutting down and abandoning module Networking (188)
[2021.07.10-16.21.14:211][508]LogModuleManager: Shutting down and abandoning module Core (186)
[2021.07.10-16.21.14:211][508]LogModuleManager: Shutting down and abandoning module KismetCompiler (184)
[2021.07.10-16.21.14:211][508]LogModuleManager: Shutting down and abandoning module MeshUtilities (182)
[2021.07.10-16.21.14:211][508]LogModuleManager: Shutting down and abandoning module MeshMergeUtilities (181)
[2021.07.10-16.21.14:211][508]LogModuleManager: Shutting down and abandoning module MeshReductionInterface (180)
[2021.07.10-16.21.14:211][508]LogModuleManager: Shutting down and abandoning module SkeletalMeshReduction (179)
[2021.07.10-16.21.14:211][508]LogModuleManager: Shutting down and abandoning module ProxyLODMeshReduction (177)
[2021.07.10-16.21.14:211][508]LogModuleManager: Shutting down and abandoning module QuadricMeshReduction (175)
[2021.07.10-16.21.14:211][508]LogModuleManager: Shutting down and abandoning module MaterialBaking (171)
[2021.07.10-16.21.14:211][508]LogModuleManager: Shutting down and abandoning module NullInstallBundleManager (166)
[2021.07.10-16.21.14:211][508]LogModuleManager: Shutting down and abandoning module DerivedDataCache (164)
[2021.07.10-16.21.14:232][508]LogDerivedDataCache: Shutdown
[2021.07.10-16.21.14:232][508]LogModuleManager: Shutting down and abandoning module XGEController (162)
[2021.07.10-16.21.14:232][508]LogXGEController: Cleaning working directory: C:/Users/Caleb/AppData/Local/Temp/UnrealXGEWorkingDir/
[2021.07.10-16.21.14:232][508]LogModuleManager: Shutting down and abandoning module TargetPlatform (160)
[2021.07.10-16.21.14:232][508]LogModuleManager: Shutting down and abandoning module VulkanShaderFormat (159)
[2021.07.10-16.21.14:233][508]LogModuleManager: Shutting down and abandoning module ShaderFormatVectorVM (157)
[2021.07.10-16.21.14:233][508]LogModuleManager: Shutting down and abandoning module ShaderFormatOpenGL (155)
[2021.07.10-16.21.14:233][508]LogModuleManager: Shutting down and abandoning module ShaderFormatD3D (153)
[2021.07.10-16.21.14:233][508]LogModuleManager: Shutting down and abandoning module MetalShaderFormat (151)
[2021.07.10-16.21.14:233][508]LogModuleManager: Shutting down and abandoning module TextureFormatUncompressed (149)
[2021.07.10-16.21.14:233][508]LogModuleManager: Shutting down and abandoning module TextureFormatPVR (147)
[2021.07.10-16.21.14:233][508]LogModuleManager: Shutting down and abandoning module TextureFormatDXT (145)
[2021.07.10-16.21.14:233][508]LogModuleManager: Shutting down and abandoning module TextureFormatIntelISPCTexComp (143)
[2021.07.10-16.21.14:233][508]LogModuleManager: Shutting down and abandoning module TextureFormatASTC (141)
[2021.07.10-16.21.14:233][508]LogModuleManager: Shutting down and abandoning module ImageWrapper (140)
[2021.07.10-16.21.14:233][508]LogModuleManager: Shutting down and abandoning module TextureFormatAndroid (137)
[2021.07.10-16.21.14:233][508]LogModuleManager: Shutting down and abandoning module AudioFormatOpus (135)
[2021.07.10-16.21.14:233][508]LogModuleManager: Shutting down and abandoning module AudioFormatOgg (133)
[2021.07.10-16.21.14:233][508]LogModuleManager: Shutting down and abandoning module AudioFormatADPCM (131)
[2021.07.10-16.21.14:233][508]LogModuleManager: Shutting down and abandoning module LuminTargetPlatform (129)
[2021.07.10-16.21.14:234][508]LogModuleManager: Shutting down and abandoning module LinuxTargetPlatform (127)
[2021.07.10-16.21.14:234][508]LogModuleManager: Shutting down and abandoning module LinuxServerTargetPlatform (125)
[2021.07.10-16.21.14:234][508]LogModuleManager: Shutting down and abandoning module LinuxNoEditorTargetPlatform (123)
[2021.07.10-16.21.14:234][508]LogModuleManager: Shutting down and abandoning module LinuxClientTargetPlatform (121)
[2021.07.10-16.21.14:234][508]LogModuleManager: Shutting down and abandoning module TVOSTargetPlatform (119)
[2021.07.10-16.21.14:235][508]LogModuleManager: Shutting down and abandoning module Messaging (117)
[2021.07.10-16.21.14:235][508]LogModuleManager: Shutting down and abandoning module IOSTargetPlatform (115)
[2021.07.10-16.21.14:235][508]LogModuleManager: Shutting down and abandoning module HTML5TargetPlatform (113)
[2021.07.10-16.21.14:235][508]LogModuleManager: Shutting down and abandoning module AndroidTargetPlatform (111)
[2021.07.10-16.21.14:242][508]LogModuleManager: Shutting down and abandoning module WindowsTargetPlatform (109)
[2021.07.10-16.21.14:242][508]LogModuleManager: Shutting down and abandoning module WindowsServerTargetPlatform (107)
[2021.07.10-16.21.14:242][508]LogModuleManager: Shutting down and abandoning module WindowsNoEditorTargetPlatform (105)
[2021.07.10-16.21.14:242][508]LogModuleManager: Shutting down and abandoning module WindowsClientTargetPlatform (103)
[2021.07.10-16.21.14:242][508]LogModuleManager: Shutting down and abandoning module MacTargetPlatform (101)
[2021.07.10-16.21.14:242][508]LogModuleManager: Shutting down and abandoning module MacServerTargetPlatform (99)
[2021.07.10-16.21.14:242][508]LogModuleManager: Shutting down and abandoning module MacNoEditorTargetPlatform (97)
[2021.07.10-16.21.14:242][508]LogModuleManager: Shutting down and abandoning module MacClientTargetPlatform (95)
[2021.07.10-16.21.14:242][508]LogModuleManager: Shutting down and abandoning module AllDesktopTargetPlatform (93)
[2021.07.10-16.21.14:242][508]LogModuleManager: Shutting down and abandoning module InputCore (90)
[2021.07.10-16.21.14:242][508]LogModuleManager: Shutting down and abandoning module Settings (88)
[2021.07.10-16.21.14:242][508]LogModuleManager: Shutting down and abandoning module DirectoryWatcher (86)
[2021.07.10-16.21.14:242][508]LogModuleManager: Shutting down and abandoning module PhysXCooking (84)
[2021.07.10-16.21.14:242][508]LogModuleManager: Shutting down and abandoning module WindowsPlatformFeatures (82)
[2021.07.10-16.21.14:242][508]LogModuleManager: Shutting down and abandoning module GameplayMediaEncoder (81)
[2021.07.10-16.21.14:242][508]LogModuleManager: Shutting down and abandoning module SteamVR (78)
[2021.07.10-16.21.14:242][508]LogHMD: Freeing OpenVRDLLHandle.
[2021.07.10-16.21.14:242][508]LogModuleManager: Shutting down and abandoning module OculusHMD (76)
[2021.07.10-16.21.14:242][508]LogModuleManager: Shutting down and abandoning module ExampleDeviceProfileSelector (74)
[2021.07.10-16.21.14:242][508]LogModuleManager: Shutting down and abandoning module LauncherChunkInstaller (72)
[2021.07.10-16.21.14:242][508]LogModuleManager: Shutting down and abandoning module OnlineBlueprintSupport (70)
[2021.07.10-16.21.14:242][508]LogModuleManager: Shutting down and abandoning module OnlineSubsystem (66)
[2021.07.10-16.21.14:243][508]LogModuleManager: Shutting down and abandoning module XMPP (61)
[2021.07.10-16.21.14:243][508]LogModuleManager: Shutting down and abandoning module WebSockets (60)
[2021.07.10-16.21.14:260][508]LogModuleManager: Shutting down and abandoning module HTTP (57)
[2021.07.10-16.21.14:261][508]LogHttp: Display: Http module shutting down, but needs to wait on 1 outstanding Http requests:
[2021.07.10-16.21.14:261][508]LogHttp: Display: 	verb=[POST] url=[https://datarouter.ol.epicgames.com/datarouter/api/v1/public/data?SessionID=%7B8689B96A-41A4-DBCC-EBC4-4AB3B3C5DF43%7D&AppID=UEEditor.Rocket.Release&AppVersion=4.23.0-8386587%2B%2B%2BUE4%2BRelease-4.23&UserID=02f1298e44c9cb63edd026b2b96c5eee%7C0aa1f680749144559a8634149caac9b8%7Cde4d1ef6-8bb8-48c8-b612-dfadfec9cb85&AppEnvironment=datacollector-binary&UploadType=eteventstream] status=Processing
[2021.07.10-16.21.14:267][508]LogModuleManager: Shutting down and abandoning module SSL (56)
[2021.07.10-16.21.14:268][508]LogModuleManager: Shutting down and abandoning module WmfMedia (52)
[2021.07.10-16.21.14:270][508]LogModuleManager: Shutting down and abandoning module Media (51)
[2021.07.10-16.21.14:270][508]LogModuleManager: Shutting down and abandoning module MagicLeap (48)
[2021.07.10-16.21.14:270][508]LogModuleManager: Shutting down and abandoning module DatasmithContent (46)
[2021.07.10-16.21.14:271][508]LogModuleManager: Shutting down and abandoning module AISupportModule (44)
[2021.07.10-16.21.14:271][508]LogModuleManager: Shutting down and abandoning module PlatformCryptoOpenSSL (42)
[2021.07.10-16.21.14:271][508]LogModuleManager: Shutting down and abandoning module PlatformCrypto (40)
[2021.07.10-16.21.14:271][508]LogModuleManager: Shutting down and abandoning module AnimationModifiers (38)
[2021.07.10-16.21.14:271][508]LogModuleManager: Shutting down and abandoning module PropertyEditor (37)
[2021.07.10-16.21.14:271][508]LogModuleManager: Shutting down and abandoning module AudioEditor (34)
[2021.07.10-16.21.14:271][508]LogModuleManager: Shutting down and abandoning module TextureCompressor (32)
[2021.07.10-16.21.14:271][508]LogModuleManager: Shutting down and abandoning module RenderCore (30)
[2021.07.10-16.21.14:271][508]LogModuleManager: Shutting down and abandoning module Landscape (28)
[2021.07.10-16.21.14:272][508]LogModuleManager: Shutting down and abandoning module SlateRHIRenderer (26)
[2021.07.10-16.21.14:272][508]LogModuleManager: Shutting down and abandoning module OpenGLDrv (24)
[2021.07.10-16.21.14:272][508]LogModuleManager: Shutting down and abandoning module D3D11RHI (22)
[2021.07.10-16.21.14:272][508]LogModuleManager: Shutting down and abandoning module AnimGraphRuntime (20)
[2021.07.10-16.21.14:273][508]LogModuleManager: Shutting down and abandoning module Renderer (18)
[2021.07.10-16.21.14:273][508]LogModuleManager: Shutting down and abandoning module Engine (16)
[2021.07.10-16.21.14:273][508]LogModuleManager: Shutting down and abandoning module CoreUObject (14)
[2021.07.10-16.21.14:273][508]LogModuleManager: Shutting down and abandoning module NetworkFile (12)
[2021.07.10-16.21.14:273][508]LogModuleManager: Shutting down and abandoning module CookedIterativeFile (10)
[2021.07.10-16.21.14:273][508]LogModuleManager: Shutting down and abandoning module StreamingFile (8)
[2021.07.10-16.21.14:273][508]LogModuleManager: Shutting down and abandoning module SandboxFile (6)
[2021.07.10-16.21.14:273][508]LogModuleManager: Shutting down and abandoning module PakFile (4)
[2021.07.10-16.21.14:273][508]LogModuleManager: Shutting down and abandoning module RSA (3)
[2021.07.10-16.21.14:273][508]LogD3D11RHI: Shutdown
[2021.07.10-16.21.14:273][508]LogD3D11RHI: CleanupD3DDevice
[2021.07.10-16.21.14:274][508]LogRendererCore: FGlobalDynamicReadBuffer::Cleanup()
[2021.07.10-16.21.14:274][508]LogRendererCore: FGlobalDynamicReadBuffer::Cleanup()
[2021.07.10-16.21.14:274][508]LogRendererCore: FGlobalDynamicReadBuffer::Cleanup()
[2021.07.10-16.21.14:380][508]LogD3D11RHI: ~FD3D11DynamicRHI
[2021.07.10-16.21.14:389][508]LogExit: Exiting.
[2021.07.10-16.21.14:397][508]Log file closed, 07/10/21 12:21:14
